2025-07-24 11:38:29,111 [Worker-4: Loading available Gradle versions] INFO  o.e.b.c.i.u.g.PublishedGradleVersions - Gradle version information cache is not available. Remote download required.
2025-07-24 11:44:36,720 [Worker-10: Importing Maven projects] INFO  o.e.m.c.i.l.LifecycleMappingFactory - Using org.eclipse.m2e.jdt.JarLifecycleMapping lifecycle mapping for MavenProject: com.example:spring_boot_backend_template:0.0.1 @ F:\fork\Backend\spring_boot_backend_template\pom.xml.
2025-07-24 11:44:39,047 [Worker-10: Importing Maven projects] INFO  o.e.m.j.i.AbstractJavaProjectConfigurator - Adding source folder /spring_boot_backend_template/src/main/java
2025-07-24 11:44:39,052 [Worker-10: Importing Maven projects] INFO  o.e.m.j.i.AbstractJavaProjectConfigurator - Adding resource folder /spring_boot_backend_template/src/main/resources
2025-07-24 11:44:39,057 [Worker-10: Importing Maven projects] INFO  o.e.m.j.i.AbstractJavaProjectConfigurator - Adding resource folder /spring_boot_backend_template/src/main/resources
2025-07-24 11:44:39,059 [Worker-10: Importing Maven projects] INFO  o.e.m.j.i.AbstractJavaProjectConfigurator - Adding source folder /spring_boot_backend_template/src/test/java
2025-07-24 11:44:39,060 [Worker-10: Importing Maven projects] INFO  o.e.m.j.i.AbstractJavaProjectConfigurator - Adding resource folder /spring_boot_backend_template/src/test/resources
2025-07-24 11:44:39,546 [Worker-10: Importing Maven projects] INFO  o.e.m.c.i.p.ProjectConfigurationManager - Imported and configured 1 project(s) in 8 sec
2025-07-24 11:44:41,919 [Worker-9: Building] INFO  o.a.m.s.f.DefaultMavenResourcesFiltering - Copying 1 resource from src\main\resources to target\classes
2025-07-24 11:44:41,951 [Worker-9: Building] INFO  o.a.m.s.f.DefaultMavenResourcesFiltering - Copying 0 resource from src\main\resources to target\classes
2025-07-24 11:44:41,957 [Worker-9: Building] INFO  o.a.m.s.f.DefaultMavenResourcesFiltering - skip non existing resourceDirectory F:\fork\Backend\spring_boot_backend_template\src\test\resources
2025-07-24 14:01:10,696 [Worker-26: Building] INFO  o.a.m.s.f.DefaultMavenResourcesFiltering - Copying 1 resource from src\main\resources to target\classes
2025-07-24 14:01:10,821 [Worker-26: Building] INFO  o.a.m.s.f.DefaultMavenResourcesFiltering - Copying 0 resource from src\main\resources to target\classes
2025-07-24 14:01:10,828 [Worker-26: Building] INFO  o.a.m.s.f.DefaultMavenResourcesFiltering - skip non existing resourceDirectory F:\fork\Backend\spring_boot_backend_template\src\test\resources
2025-07-24 14:01:42,374 [Worker-18: Updating Maven Project] INFO  o.e.m.c.i.p.ProjectConfigurationManager - Update started
2025-07-24 14:01:46,215 [Worker-18: Updating Maven Project] INFO  o.e.m.c.i.l.LifecycleMappingFactory - Using org.eclipse.m2e.jdt.JarLifecycleMapping lifecycle mapping for MavenProject: com.example:spring_boot_backend_template:0.0.1 @ F:\fork\Backend\spring_boot_backend_template\pom.xml.
2025-07-24 14:01:52,386 [Worker-18: Updating Maven Project] INFO  o.e.m.j.i.AbstractJavaProjectConfigurator - Adding source folder /spring_boot_backend_template/src/main/java
2025-07-24 14:01:52,387 [Worker-18: Updating Maven Project] INFO  o.e.m.j.i.AbstractJavaProjectConfigurator - Adding resource folder /spring_boot_backend_template/src/main/resources
2025-07-24 14:01:52,387 [Worker-18: Updating Maven Project] INFO  o.e.m.j.i.AbstractJavaProjectConfigurator - Adding resource folder /spring_boot_backend_template/src/main/resources
2025-07-24 14:01:52,388 [Worker-18: Updating Maven Project] INFO  o.e.m.j.i.AbstractJavaProjectConfigurator - Adding source folder /spring_boot_backend_template/src/test/java
2025-07-24 14:01:52,388 [Worker-18: Updating Maven Project] INFO  o.e.m.j.i.AbstractJavaProjectConfigurator - Adding resource folder /spring_boot_backend_template/src/test/resources
2025-07-24 14:01:53,505 [Worker-18: Updating Maven Project] INFO  o.e.m.c.i.p.ProjectConfigurationManager - Update completed for 1 poms: local refresh takes 0.00 sec, refresh facades takes 9.00 sec, update config takes 0.00 sec 
2025-07-24 14:01:55,005 [Worker-18: Building] INFO  o.a.m.s.f.DefaultMavenResourcesFiltering - Copying 1 resource from src\main\resources to target\classes
2025-07-24 14:01:55,024 [Worker-18: Building] INFO  o.a.m.s.f.DefaultMavenResourcesFiltering - Copying 0 resource from src\main\resources to target\classes
2025-07-24 14:01:55,030 [Worker-18: Building] INFO  o.a.m.s.f.DefaultMavenResourcesFiltering - skip non existing resourceDirectory F:\fork\Backend\spring_boot_backend_template\src\test\resources
2025-07-24 14:02:19,581 [main] INFO  o.e.m2e.actions.ExecutePomAction - Creating new launch configuration
2025-07-24 14:02:40,624 [Worker-29: Launching spring_boot_backend_template] INFO  o.eclipse.m2e.core.internal.Bundles - getClasspathEntries(Bundle=org.eclipse.m2e.maven.runtime_3.9.900.20250220-2013 [361])
2025-07-24 14:02:40,672 [Worker-26: Building] INFO  o.a.m.s.f.DefaultMavenResourcesFiltering - Copying 1 resource from src\main\resources to target\classes
2025-07-24 14:02:40,677 [Worker-29: Launching spring_boot_backend_template] INFO  o.eclipse.m2e.core.internal.Bundles - 	Entry: E:\sunbeamapp\adv_java\Copy of sts-4.30.0.RELEASE\sts-4.30.0.RELEASE\plugins\org.eclipse.m2e.maven.runtime_3.9.900.20250220-2013
2025-07-24 14:02:40,678 [Worker-29: Launching spring_boot_backend_template] INFO  o.eclipse.m2e.core.internal.Bundles - 	Entry: E:\sunbeamapp\adv_java\Copy of sts-4.30.0.RELEASE\sts-4.30.0.RELEASE\plugins\org.eclipse.m2e.maven.runtime_3.9.900.20250220-2013\jars\aopalliance-1.0.jar
2025-07-24 14:02:40,678 [Worker-29: Launching spring_boot_backend_template] INFO  o.eclipse.m2e.core.internal.Bundles - 	Entry: E:\sunbeamapp\adv_java\Copy of sts-4.30.0.RELEASE\sts-4.30.0.RELEASE\plugins\org.eclipse.m2e.maven.runtime_3.9.900.20250220-2013\jars\guice-5.1.0.jar
2025-07-24 14:02:40,678 [Worker-29: Launching spring_boot_backend_template] INFO  o.eclipse.m2e.core.internal.Bundles - 	Entry: E:\sunbeamapp\adv_java\Copy of sts-4.30.0.RELEASE\sts-4.30.0.RELEASE\plugins\org.eclipse.m2e.maven.runtime_3.9.900.20250220-2013\jars\httpclient-4.5.14.jar
2025-07-24 14:02:40,678 [Worker-29: Launching spring_boot_backend_template] INFO  o.eclipse.m2e.core.internal.Bundles - 	Entry: E:\sunbeamapp\adv_java\Copy of sts-4.30.0.RELEASE\sts-4.30.0.RELEASE\plugins\org.eclipse.m2e.maven.runtime_3.9.900.20250220-2013\jars\httpcore-4.4.16.jar
2025-07-24 14:02:40,679 [Worker-29: Launching spring_boot_backend_template] INFO  o.eclipse.m2e.core.internal.Bundles - 	Entry: E:\sunbeamapp\adv_java\Copy of sts-4.30.0.RELEASE\sts-4.30.0.RELEASE\plugins\org.eclipse.m2e.maven.runtime_3.9.900.20250220-2013\jars\jansi-2.4.1.jar
2025-07-24 14:02:40,679 [Worker-29: Launching spring_boot_backend_template] INFO  o.eclipse.m2e.core.internal.Bundles - 	Entry: E:\sunbeamapp\adv_java\Copy of sts-4.30.0.RELEASE\sts-4.30.0.RELEASE\plugins\org.eclipse.m2e.maven.runtime_3.9.900.20250220-2013\jars\jcl-over-slf4j-1.7.36.jar
2025-07-24 14:02:40,679 [Worker-29: Launching spring_boot_backend_template] INFO  o.eclipse.m2e.core.internal.Bundles - 	Entry: E:\sunbeamapp\adv_java\Copy of sts-4.30.0.RELEASE\sts-4.30.0.RELEASE\plugins\org.eclipse.m2e.maven.runtime_3.9.900.20250220-2013\jars\maven-artifact-3.9.9.jar
2025-07-24 14:02:40,679 [Worker-29: Launching spring_boot_backend_template] INFO  o.eclipse.m2e.core.internal.Bundles - 	Entry: E:\sunbeamapp\adv_java\Copy of sts-4.30.0.RELEASE\sts-4.30.0.RELEASE\plugins\org.eclipse.m2e.maven.runtime_3.9.900.20250220-2013\jars\maven-builder-support-3.9.9.jar
2025-07-24 14:02:40,679 [Worker-29: Launching spring_boot_backend_template] INFO  o.eclipse.m2e.core.internal.Bundles - 	Entry: E:\sunbeamapp\adv_java\Copy of sts-4.30.0.RELEASE\sts-4.30.0.RELEASE\plugins\org.eclipse.m2e.maven.runtime_3.9.900.20250220-2013\jars\maven-compat-3.9.9.jar
2025-07-24 14:02:40,679 [Worker-29: Launching spring_boot_backend_template] INFO  o.eclipse.m2e.core.internal.Bundles - 	Entry: E:\sunbeamapp\adv_java\Copy of sts-4.30.0.RELEASE\sts-4.30.0.RELEASE\plugins\org.eclipse.m2e.maven.runtime_3.9.900.20250220-2013\jars\maven-core-3.9.9.jar
2025-07-24 14:02:40,680 [Worker-29: Launching spring_boot_backend_template] INFO  o.eclipse.m2e.core.internal.Bundles - 	Entry: E:\sunbeamapp\adv_java\Copy of sts-4.30.0.RELEASE\sts-4.30.0.RELEASE\plugins\org.eclipse.m2e.maven.runtime_3.9.900.20250220-2013\jars\maven-embedder-3.9.9.jar
2025-07-24 14:02:40,680 [Worker-29: Launching spring_boot_backend_template] INFO  o.eclipse.m2e.core.internal.Bundles - 	Entry: E:\sunbeamapp\adv_java\Copy of sts-4.30.0.RELEASE\sts-4.30.0.RELEASE\plugins\org.eclipse.m2e.maven.runtime_3.9.900.20250220-2013\jars\maven-model-3.9.9.jar
2025-07-24 14:02:40,680 [Worker-29: Launching spring_boot_backend_template] INFO  o.eclipse.m2e.core.internal.Bundles - 	Entry: E:\sunbeamapp\adv_java\Copy of sts-4.30.0.RELEASE\sts-4.30.0.RELEASE\plugins\org.eclipse.m2e.maven.runtime_3.9.900.20250220-2013\jars\maven-model-builder-3.9.9.jar
2025-07-24 14:02:40,681 [Worker-29: Launching spring_boot_backend_template] INFO  o.eclipse.m2e.core.internal.Bundles - 	Entry: E:\sunbeamapp\adv_java\Copy of sts-4.30.0.RELEASE\sts-4.30.0.RELEASE\plugins\org.eclipse.m2e.maven.runtime_3.9.900.20250220-2013\jars\maven-plugin-api-3.9.9.jar
2025-07-24 14:02:40,681 [Worker-29: Launching spring_boot_backend_template] INFO  o.eclipse.m2e.core.internal.Bundles - 	Entry: E:\sunbeamapp\adv_java\Copy of sts-4.30.0.RELEASE\sts-4.30.0.RELEASE\plugins\org.eclipse.m2e.maven.runtime_3.9.900.20250220-2013\jars\maven-repository-metadata-3.9.9.jar
2025-07-24 14:02:40,681 [Worker-29: Launching spring_boot_backend_template] INFO  o.eclipse.m2e.core.internal.Bundles - 	Entry: E:\sunbeamapp\adv_java\Copy of sts-4.30.0.RELEASE\sts-4.30.0.RELEASE\plugins\org.eclipse.m2e.maven.runtime_3.9.900.20250220-2013\jars\maven-resolver-api-1.9.22.jar
2025-07-24 14:02:40,681 [Worker-29: Launching spring_boot_backend_template] INFO  o.eclipse.m2e.core.internal.Bundles - 	Entry: E:\sunbeamapp\adv_java\Copy of sts-4.30.0.RELEASE\sts-4.30.0.RELEASE\plugins\org.eclipse.m2e.maven.runtime_3.9.900.20250220-2013\jars\maven-resolver-connector-basic-1.9.22.jar
2025-07-24 14:02:40,681 [Worker-29: Launching spring_boot_backend_template] INFO  o.eclipse.m2e.core.internal.Bundles - 	Entry: E:\sunbeamapp\adv_java\Copy of sts-4.30.0.RELEASE\sts-4.30.0.RELEASE\plugins\org.eclipse.m2e.maven.runtime_3.9.900.20250220-2013\jars\maven-resolver-impl-1.9.22.jar
2025-07-24 14:02:40,681 [Worker-29: Launching spring_boot_backend_template] INFO  o.eclipse.m2e.core.internal.Bundles - 	Entry: E:\sunbeamapp\adv_java\Copy of sts-4.30.0.RELEASE\sts-4.30.0.RELEASE\plugins\org.eclipse.m2e.maven.runtime_3.9.900.20250220-2013\jars\maven-resolver-named-locks-1.9.22.jar
2025-07-24 14:02:40,681 [Worker-29: Launching spring_boot_backend_template] INFO  o.eclipse.m2e.core.internal.Bundles - 	Entry: E:\sunbeamapp\adv_java\Copy of sts-4.30.0.RELEASE\sts-4.30.0.RELEASE\plugins\org.eclipse.m2e.maven.runtime_3.9.900.20250220-2013\jars\maven-resolver-provider-3.9.9.jar
2025-07-24 14:02:40,681 [Worker-29: Launching spring_boot_backend_template] INFO  o.eclipse.m2e.core.internal.Bundles - 	Entry: E:\sunbeamapp\adv_java\Copy of sts-4.30.0.RELEASE\sts-4.30.0.RELEASE\plugins\org.eclipse.m2e.maven.runtime_3.9.900.20250220-2013\jars\maven-resolver-spi-1.9.22.jar
2025-07-24 14:02:40,681 [Worker-29: Launching spring_boot_backend_template] INFO  o.eclipse.m2e.core.internal.Bundles - 	Entry: E:\sunbeamapp\adv_java\Copy of sts-4.30.0.RELEASE\sts-4.30.0.RELEASE\plugins\org.eclipse.m2e.maven.runtime_3.9.900.20250220-2013\jars\maven-resolver-transport-file-1.9.22.jar
2025-07-24 14:02:40,682 [Worker-29: Launching spring_boot_backend_template] INFO  o.eclipse.m2e.core.internal.Bundles - 	Entry: E:\sunbeamapp\adv_java\Copy of sts-4.30.0.RELEASE\sts-4.30.0.RELEASE\plugins\org.eclipse.m2e.maven.runtime_3.9.900.20250220-2013\jars\maven-resolver-transport-http-1.9.22.jar
2025-07-24 14:02:40,682 [Worker-29: Launching spring_boot_backend_template] INFO  o.eclipse.m2e.core.internal.Bundles - 	Entry: E:\sunbeamapp\adv_java\Copy of sts-4.30.0.RELEASE\sts-4.30.0.RELEASE\plugins\org.eclipse.m2e.maven.runtime_3.9.900.20250220-2013\jars\maven-resolver-transport-wagon-1.9.22.jar
2025-07-24 14:02:40,682 [Worker-29: Launching spring_boot_backend_template] INFO  o.eclipse.m2e.core.internal.Bundles - 	Entry: E:\sunbeamapp\adv_java\Copy of sts-4.30.0.RELEASE\sts-4.30.0.RELEASE\plugins\org.eclipse.m2e.maven.runtime_3.9.900.20250220-2013\jars\maven-resolver-util-1.9.22.jar
2025-07-24 14:02:40,682 [Worker-29: Launching spring_boot_backend_template] INFO  o.eclipse.m2e.core.internal.Bundles - 	Entry: E:\sunbeamapp\adv_java\Copy of sts-4.30.0.RELEASE\sts-4.30.0.RELEASE\plugins\org.eclipse.m2e.maven.runtime_3.9.900.20250220-2013\jars\maven-settings-3.9.9.jar
2025-07-24 14:02:40,682 [Worker-29: Launching spring_boot_backend_template] INFO  o.eclipse.m2e.core.internal.Bundles - 	Entry: E:\sunbeamapp\adv_java\Copy of sts-4.30.0.RELEASE\sts-4.30.0.RELEASE\plugins\org.eclipse.m2e.maven.runtime_3.9.900.20250220-2013\jars\maven-settings-builder-3.9.9.jar
2025-07-24 14:02:40,683 [Worker-29: Launching spring_boot_backend_template] INFO  o.eclipse.m2e.core.internal.Bundles - 	Entry: E:\sunbeamapp\adv_java\Copy of sts-4.30.0.RELEASE\sts-4.30.0.RELEASE\plugins\org.eclipse.m2e.maven.runtime_3.9.900.20250220-2013\jars\maven-shared-utils-3.4.2.jar
2025-07-24 14:02:40,683 [Worker-29: Launching spring_boot_backend_template] INFO  o.eclipse.m2e.core.internal.Bundles - 	Entry: E:\sunbeamapp\adv_java\Copy of sts-4.30.0.RELEASE\sts-4.30.0.RELEASE\plugins\org.eclipse.m2e.maven.runtime_3.9.900.20250220-2013\jars\org.eclipse.sisu.inject-0.9.0.M3.jar
2025-07-24 14:02:40,683 [Worker-29: Launching spring_boot_backend_template] INFO  o.eclipse.m2e.core.internal.Bundles - 	Entry: E:\sunbeamapp\adv_java\Copy of sts-4.30.0.RELEASE\sts-4.30.0.RELEASE\plugins\org.eclipse.m2e.maven.runtime_3.9.900.20250220-2013\jars\org.eclipse.sisu.plexus-0.9.0.M3.jar
2025-07-24 14:02:40,683 [Worker-29: Launching spring_boot_backend_template] INFO  o.eclipse.m2e.core.internal.Bundles - 	Entry: E:\sunbeamapp\adv_java\Copy of sts-4.30.0.RELEASE\sts-4.30.0.RELEASE\plugins\org.eclipse.m2e.maven.runtime_3.9.900.20250220-2013\jars\plexus-build-api-0.0.7.jar
2025-07-24 14:02:40,683 [Worker-29: Launching spring_boot_backend_template] INFO  o.eclipse.m2e.core.internal.Bundles - 	Entry: E:\sunbeamapp\adv_java\Copy of sts-4.30.0.RELEASE\sts-4.30.0.RELEASE\plugins\org.eclipse.m2e.maven.runtime_3.9.900.20250220-2013\jars\plexus-build-api-1.2.0.jar
2025-07-24 14:02:40,683 [Worker-29: Launching spring_boot_backend_template] INFO  o.eclipse.m2e.core.internal.Bundles - 	Entry: E:\sunbeamapp\adv_java\Copy of sts-4.30.0.RELEASE\sts-4.30.0.RELEASE\plugins\org.eclipse.m2e.maven.runtime_3.9.900.20250220-2013\jars\plexus-cipher-2.0.jar
2025-07-24 14:02:40,684 [Worker-29: Launching spring_boot_backend_template] INFO  o.eclipse.m2e.core.internal.Bundles - 	Entry: E:\sunbeamapp\adv_java\Copy of sts-4.30.0.RELEASE\sts-4.30.0.RELEASE\plugins\org.eclipse.m2e.maven.runtime_3.9.900.20250220-2013\jars\plexus-classworlds-2.8.0.jar
2025-07-24 14:02:40,684 [Worker-29: Launching spring_boot_backend_template] INFO  o.eclipse.m2e.core.internal.Bundles - 	Entry: E:\sunbeamapp\adv_java\Copy of sts-4.30.0.RELEASE\sts-4.30.0.RELEASE\plugins\org.eclipse.m2e.maven.runtime_3.9.900.20250220-2013\jars\plexus-component-annotations-2.1.0.jar
2025-07-24 14:02:40,684 [Worker-29: Launching spring_boot_backend_template] INFO  o.eclipse.m2e.core.internal.Bundles - 	Entry: E:\sunbeamapp\adv_java\Copy of sts-4.30.0.RELEASE\sts-4.30.0.RELEASE\plugins\org.eclipse.m2e.maven.runtime_3.9.900.20250220-2013\jars\plexus-interpolation-1.27.jar
2025-07-24 14:02:40,684 [Worker-29: Launching spring_boot_backend_template] INFO  o.eclipse.m2e.core.internal.Bundles - 	Entry: E:\sunbeamapp\adv_java\Copy of sts-4.30.0.RELEASE\sts-4.30.0.RELEASE\plugins\org.eclipse.m2e.maven.runtime_3.9.900.20250220-2013\jars\plexus-sec-dispatcher-2.0.jar
2025-07-24 14:02:40,684 [Worker-29: Launching spring_boot_backend_template] INFO  o.eclipse.m2e.core.internal.Bundles - 	Entry: E:\sunbeamapp\adv_java\Copy of sts-4.30.0.RELEASE\sts-4.30.0.RELEASE\plugins\org.eclipse.m2e.maven.runtime_3.9.900.20250220-2013\jars\plexus-utils-3.5.1.jar
2025-07-24 14:02:40,684 [Worker-29: Launching spring_boot_backend_template] INFO  o.eclipse.m2e.core.internal.Bundles - 	Entry: E:\sunbeamapp\adv_java\Copy of sts-4.30.0.RELEASE\sts-4.30.0.RELEASE\plugins\org.eclipse.m2e.maven.runtime_3.9.900.20250220-2013\jars\plexus-xml-3.0.1.jar
2025-07-24 14:02:40,684 [Worker-29: Launching spring_boot_backend_template] INFO  o.eclipse.m2e.core.internal.Bundles - 	Entry: E:\sunbeamapp\adv_java\Copy of sts-4.30.0.RELEASE\sts-4.30.0.RELEASE\plugins\org.eclipse.m2e.maven.runtime_3.9.900.20250220-2013\jars\wagon-file-3.5.3.jar
2025-07-24 14:02:40,684 [Worker-29: Launching spring_boot_backend_template] INFO  o.eclipse.m2e.core.internal.Bundles - 	Entry: E:\sunbeamapp\adv_java\Copy of sts-4.30.0.RELEASE\sts-4.30.0.RELEASE\plugins\org.eclipse.m2e.maven.runtime_3.9.900.20250220-2013\jars\wagon-http-3.5.3.jar
2025-07-24 14:02:40,685 [Worker-29: Launching spring_boot_backend_template] INFO  o.eclipse.m2e.core.internal.Bundles - 	Entry: E:\sunbeamapp\adv_java\Copy of sts-4.30.0.RELEASE\sts-4.30.0.RELEASE\plugins\org.eclipse.m2e.maven.runtime_3.9.900.20250220-2013\jars\wagon-http-shared-3.5.3.jar
2025-07-24 14:02:40,685 [Worker-29: Launching spring_boot_backend_template] INFO  o.eclipse.m2e.core.internal.Bundles - 	Entry: E:\sunbeamapp\adv_java\Copy of sts-4.30.0.RELEASE\sts-4.30.0.RELEASE\plugins\org.eclipse.m2e.maven.runtime_3.9.900.20250220-2013\jars\wagon-provider-api-3.5.3.jar
2025-07-24 14:02:40,688 [Worker-29: Launching spring_boot_backend_template] INFO  o.eclipse.m2e.core.internal.Bundles - getClasspathEntries(Bundle=com.google.guava_33.4.0.jre [29])
2025-07-24 14:02:40,689 [Worker-29: Launching spring_boot_backend_template] INFO  o.eclipse.m2e.core.internal.Bundles - 	Entry: E:\sunbeamapp\adv_java\Copy of sts-4.30.0.RELEASE\sts-4.30.0.RELEASE\plugins\com.google.guava_33.4.0.jre.jar
2025-07-24 14:02:40,689 [Worker-29: Launching spring_boot_backend_template] INFO  o.eclipse.m2e.core.internal.Bundles - getClasspathEntries(Bundle=slf4j.api_2.0.17 [608])
2025-07-24 14:02:40,689 [Worker-29: Launching spring_boot_backend_template] INFO  o.eclipse.m2e.core.internal.Bundles - 	Entry: E:\sunbeamapp\adv_java\Copy of sts-4.30.0.RELEASE\sts-4.30.0.RELEASE\plugins\slf4j.api_2.0.17.jar
2025-07-24 14:02:40,689 [Worker-29: Launching spring_boot_backend_template] INFO  o.eclipse.m2e.core.internal.Bundles - getClasspathEntries(Bundle=javax.inject_1.0.0.v20220405-0441 [759])
2025-07-24 14:02:40,689 [Worker-29: Launching spring_boot_backend_template] INFO  o.eclipse.m2e.core.internal.Bundles - 	Entry: E:\sunbeamapp\adv_java\Copy of sts-4.30.0.RELEASE\sts-4.30.0.RELEASE\plugins\javax.inject_1.0.0.v20220405-0441.jar
2025-07-24 14:02:40,689 [Worker-29: Launching spring_boot_backend_template] INFO  o.eclipse.m2e.core.internal.Bundles - getClasspathEntries(Bundle=javax.annotation_1.3.5.v20230504-0748 [758])
2025-07-24 14:02:40,689 [Worker-29: Launching spring_boot_backend_template] INFO  o.eclipse.m2e.core.internal.Bundles - 	Entry: E:\sunbeamapp\adv_java\Copy of sts-4.30.0.RELEASE\sts-4.30.0.RELEASE\plugins\javax.annotation_1.3.5.v20230504-0748.jar
2025-07-24 14:02:40,690 [Worker-29: Launching spring_boot_backend_template] INFO  o.eclipse.m2e.core.internal.Bundles - getClasspathEntries(Bundle=org.apache.commons.cli_1.9.0 [77])
2025-07-24 14:02:40,690 [Worker-29: Launching spring_boot_backend_template] INFO  o.eclipse.m2e.core.internal.Bundles - 	Entry: E:\sunbeamapp\adv_java\Copy of sts-4.30.0.RELEASE\sts-4.30.0.RELEASE\plugins\org.apache.commons.cli_1.9.0.jar
2025-07-24 14:02:40,690 [Worker-29: Launching spring_boot_backend_template] INFO  o.eclipse.m2e.core.internal.Bundles - getClasspathEntries(Bundle=org.apache.commons.commons-codec_1.16.0 [79])
2025-07-24 14:02:40,691 [Worker-29: Launching spring_boot_backend_template] INFO  o.eclipse.m2e.core.internal.Bundles - 	Entry: E:\sunbeamapp\adv_java\Copy of sts-4.30.0.RELEASE\sts-4.30.0.RELEASE\plugins\org.apache.commons.commons-codec_1.16.0.jar
2025-07-24 14:02:40,691 [Worker-29: Launching spring_boot_backend_template] INFO  o.eclipse.m2e.core.internal.Bundles - getClasspathEntries(Bundle=com.google.guava.failureaccess_1.0.2 [30])
2025-07-24 14:02:40,691 [Worker-29: Launching spring_boot_backend_template] INFO  o.eclipse.m2e.core.internal.Bundles - 	Entry: E:\sunbeamapp\adv_java\Copy of sts-4.30.0.RELEASE\sts-4.30.0.RELEASE\plugins\com.google.guava.failureaccess_1.0.2.jar
2025-07-24 14:02:40,707 [Worker-29: Launching spring_boot_backend_template] INFO  o.e.m.i.launch.MavenLaunchDelegate - Run build in "F:\fork\Backend\spring_boot_backend_template":
2025-07-24 14:02:40,743 [Worker-26: Building] INFO  o.a.m.s.f.DefaultMavenResourcesFiltering - Copying 0 resource from src\main\resources to target\classes
2025-07-24 14:02:40,751 [Worker-26: Building] INFO  o.a.m.s.f.DefaultMavenResourcesFiltering - skip non existing resourceDirectory F:\fork\Backend\spring_boot_backend_template\src\test\resources
2025-07-24 14:02:40,781 [Worker-29: Launching spring_boot_backend_template] INFO  o.e.m.i.launch.MavenLaunchDelegate -  mvn  -B -Dstyle.color=always clean complie
2025-07-24 14:02:40,781 [Worker-29: Launching spring_boot_backend_template] WARN  o.e.m.i.l.MavenLaunchExtensionsSupport - Unknown or unsupported source locator org.eclipse.jdt.internal.launching.sourcelookup.advanced.AdvancedSourceLookupDirector
2025-07-24 14:05:03,121 [Worker-29: Launching Executing clean in F__fork_Backend_spring_boot_backend_template] INFO  o.eclipse.m2e.core.internal.Bundles - getClasspathEntries(Bundle=org.eclipse.m2e.maven.runtime_3.9.900.20250220-2013 [361])
2025-07-24 14:05:03,122 [Worker-29: Launching Executing clean in F__fork_Backend_spring_boot_backend_template] INFO  o.eclipse.m2e.core.internal.Bundles - 	Entry: E:\sunbeamapp\adv_java\Copy of sts-4.30.0.RELEASE\sts-4.30.0.RELEASE\plugins\org.eclipse.m2e.maven.runtime_3.9.900.20250220-2013
2025-07-24 14:05:03,122 [Worker-29: Launching Executing clean in F__fork_Backend_spring_boot_backend_template] INFO  o.eclipse.m2e.core.internal.Bundles - 	Entry: E:\sunbeamapp\adv_java\Copy of sts-4.30.0.RELEASE\sts-4.30.0.RELEASE\plugins\org.eclipse.m2e.maven.runtime_3.9.900.20250220-2013\jars\aopalliance-1.0.jar
2025-07-24 14:05:03,122 [Worker-29: Launching Executing clean in F__fork_Backend_spring_boot_backend_template] INFO  o.eclipse.m2e.core.internal.Bundles - 	Entry: E:\sunbeamapp\adv_java\Copy of sts-4.30.0.RELEASE\sts-4.30.0.RELEASE\plugins\org.eclipse.m2e.maven.runtime_3.9.900.20250220-2013\jars\guice-5.1.0.jar
2025-07-24 14:05:03,122 [Worker-29: Launching Executing clean in F__fork_Backend_spring_boot_backend_template] INFO  o.eclipse.m2e.core.internal.Bundles - 	Entry: E:\sunbeamapp\adv_java\Copy of sts-4.30.0.RELEASE\sts-4.30.0.RELEASE\plugins\org.eclipse.m2e.maven.runtime_3.9.900.20250220-2013\jars\httpclient-4.5.14.jar
2025-07-24 14:05:03,122 [Worker-29: Launching Executing clean in F__fork_Backend_spring_boot_backend_template] INFO  o.eclipse.m2e.core.internal.Bundles - 	Entry: E:\sunbeamapp\adv_java\Copy of sts-4.30.0.RELEASE\sts-4.30.0.RELEASE\plugins\org.eclipse.m2e.maven.runtime_3.9.900.20250220-2013\jars\httpcore-4.4.16.jar
2025-07-24 14:05:03,123 [Worker-29: Launching Executing clean in F__fork_Backend_spring_boot_backend_template] INFO  o.eclipse.m2e.core.internal.Bundles - 	Entry: E:\sunbeamapp\adv_java\Copy of sts-4.30.0.RELEASE\sts-4.30.0.RELEASE\plugins\org.eclipse.m2e.maven.runtime_3.9.900.20250220-2013\jars\jansi-2.4.1.jar
2025-07-24 14:05:03,123 [Worker-29: Launching Executing clean in F__fork_Backend_spring_boot_backend_template] INFO  o.eclipse.m2e.core.internal.Bundles - 	Entry: E:\sunbeamapp\adv_java\Copy of sts-4.30.0.RELEASE\sts-4.30.0.RELEASE\plugins\org.eclipse.m2e.maven.runtime_3.9.900.20250220-2013\jars\jcl-over-slf4j-1.7.36.jar
2025-07-24 14:05:03,123 [Worker-29: Launching Executing clean in F__fork_Backend_spring_boot_backend_template] INFO  o.eclipse.m2e.core.internal.Bundles - 	Entry: E:\sunbeamapp\adv_java\Copy of sts-4.30.0.RELEASE\sts-4.30.0.RELEASE\plugins\org.eclipse.m2e.maven.runtime_3.9.900.20250220-2013\jars\maven-artifact-3.9.9.jar
2025-07-24 14:05:03,123 [Worker-29: Launching Executing clean in F__fork_Backend_spring_boot_backend_template] INFO  o.eclipse.m2e.core.internal.Bundles - 	Entry: E:\sunbeamapp\adv_java\Copy of sts-4.30.0.RELEASE\sts-4.30.0.RELEASE\plugins\org.eclipse.m2e.maven.runtime_3.9.900.20250220-2013\jars\maven-builder-support-3.9.9.jar
2025-07-24 14:05:03,123 [Worker-29: Launching Executing clean in F__fork_Backend_spring_boot_backend_template] INFO  o.eclipse.m2e.core.internal.Bundles - 	Entry: E:\sunbeamapp\adv_java\Copy of sts-4.30.0.RELEASE\sts-4.30.0.RELEASE\plugins\org.eclipse.m2e.maven.runtime_3.9.900.20250220-2013\jars\maven-compat-3.9.9.jar
2025-07-24 14:05:03,124 [Worker-29: Launching Executing clean in F__fork_Backend_spring_boot_backend_template] INFO  o.eclipse.m2e.core.internal.Bundles - 	Entry: E:\sunbeamapp\adv_java\Copy of sts-4.30.0.RELEASE\sts-4.30.0.RELEASE\plugins\org.eclipse.m2e.maven.runtime_3.9.900.20250220-2013\jars\maven-core-3.9.9.jar
2025-07-24 14:05:03,124 [Worker-29: Launching Executing clean in F__fork_Backend_spring_boot_backend_template] INFO  o.eclipse.m2e.core.internal.Bundles - 	Entry: E:\sunbeamapp\adv_java\Copy of sts-4.30.0.RELEASE\sts-4.30.0.RELEASE\plugins\org.eclipse.m2e.maven.runtime_3.9.900.20250220-2013\jars\maven-embedder-3.9.9.jar
2025-07-24 14:05:03,124 [Worker-29: Launching Executing clean in F__fork_Backend_spring_boot_backend_template] INFO  o.eclipse.m2e.core.internal.Bundles - 	Entry: E:\sunbeamapp\adv_java\Copy of sts-4.30.0.RELEASE\sts-4.30.0.RELEASE\plugins\org.eclipse.m2e.maven.runtime_3.9.900.20250220-2013\jars\maven-model-3.9.9.jar
2025-07-24 14:05:03,124 [Worker-29: Launching Executing clean in F__fork_Backend_spring_boot_backend_template] INFO  o.eclipse.m2e.core.internal.Bundles - 	Entry: E:\sunbeamapp\adv_java\Copy of sts-4.30.0.RELEASE\sts-4.30.0.RELEASE\plugins\org.eclipse.m2e.maven.runtime_3.9.900.20250220-2013\jars\maven-model-builder-3.9.9.jar
2025-07-24 14:05:03,124 [Worker-29: Launching Executing clean in F__fork_Backend_spring_boot_backend_template] INFO  o.eclipse.m2e.core.internal.Bundles - 	Entry: E:\sunbeamapp\adv_java\Copy of sts-4.30.0.RELEASE\sts-4.30.0.RELEASE\plugins\org.eclipse.m2e.maven.runtime_3.9.900.20250220-2013\jars\maven-plugin-api-3.9.9.jar
2025-07-24 14:05:03,124 [Worker-29: Launching Executing clean in F__fork_Backend_spring_boot_backend_template] INFO  o.eclipse.m2e.core.internal.Bundles - 	Entry: E:\sunbeamapp\adv_java\Copy of sts-4.30.0.RELEASE\sts-4.30.0.RELEASE\plugins\org.eclipse.m2e.maven.runtime_3.9.900.20250220-2013\jars\maven-repository-metadata-3.9.9.jar
2025-07-24 14:05:03,124 [Worker-29: Launching Executing clean in F__fork_Backend_spring_boot_backend_template] INFO  o.eclipse.m2e.core.internal.Bundles - 	Entry: E:\sunbeamapp\adv_java\Copy of sts-4.30.0.RELEASE\sts-4.30.0.RELEASE\plugins\org.eclipse.m2e.maven.runtime_3.9.900.20250220-2013\jars\maven-resolver-api-1.9.22.jar
2025-07-24 14:05:03,125 [Worker-29: Launching Executing clean in F__fork_Backend_spring_boot_backend_template] INFO  o.eclipse.m2e.core.internal.Bundles - 	Entry: E:\sunbeamapp\adv_java\Copy of sts-4.30.0.RELEASE\sts-4.30.0.RELEASE\plugins\org.eclipse.m2e.maven.runtime_3.9.900.20250220-2013\jars\maven-resolver-connector-basic-1.9.22.jar
2025-07-24 14:05:03,125 [Worker-29: Launching Executing clean in F__fork_Backend_spring_boot_backend_template] INFO  o.eclipse.m2e.core.internal.Bundles - 	Entry: E:\sunbeamapp\adv_java\Copy of sts-4.30.0.RELEASE\sts-4.30.0.RELEASE\plugins\org.eclipse.m2e.maven.runtime_3.9.900.20250220-2013\jars\maven-resolver-impl-1.9.22.jar
2025-07-24 14:05:03,125 [Worker-29: Launching Executing clean in F__fork_Backend_spring_boot_backend_template] INFO  o.eclipse.m2e.core.internal.Bundles - 	Entry: E:\sunbeamapp\adv_java\Copy of sts-4.30.0.RELEASE\sts-4.30.0.RELEASE\plugins\org.eclipse.m2e.maven.runtime_3.9.900.20250220-2013\jars\maven-resolver-named-locks-1.9.22.jar
2025-07-24 14:05:03,125 [Worker-29: Launching Executing clean in F__fork_Backend_spring_boot_backend_template] INFO  o.eclipse.m2e.core.internal.Bundles - 	Entry: E:\sunbeamapp\adv_java\Copy of sts-4.30.0.RELEASE\sts-4.30.0.RELEASE\plugins\org.eclipse.m2e.maven.runtime_3.9.900.20250220-2013\jars\maven-resolver-provider-3.9.9.jar
2025-07-24 14:05:03,125 [Worker-29: Launching Executing clean in F__fork_Backend_spring_boot_backend_template] INFO  o.eclipse.m2e.core.internal.Bundles - 	Entry: E:\sunbeamapp\adv_java\Copy of sts-4.30.0.RELEASE\sts-4.30.0.RELEASE\plugins\org.eclipse.m2e.maven.runtime_3.9.900.20250220-2013\jars\maven-resolver-spi-1.9.22.jar
2025-07-24 14:05:03,125 [Worker-29: Launching Executing clean in F__fork_Backend_spring_boot_backend_template] INFO  o.eclipse.m2e.core.internal.Bundles - 	Entry: E:\sunbeamapp\adv_java\Copy of sts-4.30.0.RELEASE\sts-4.30.0.RELEASE\plugins\org.eclipse.m2e.maven.runtime_3.9.900.20250220-2013\jars\maven-resolver-transport-file-1.9.22.jar
2025-07-24 14:05:03,126 [Worker-29: Launching Executing clean in F__fork_Backend_spring_boot_backend_template] INFO  o.eclipse.m2e.core.internal.Bundles - 	Entry: E:\sunbeamapp\adv_java\Copy of sts-4.30.0.RELEASE\sts-4.30.0.RELEASE\plugins\org.eclipse.m2e.maven.runtime_3.9.900.20250220-2013\jars\maven-resolver-transport-http-1.9.22.jar
2025-07-24 14:05:03,126 [Worker-29: Launching Executing clean in F__fork_Backend_spring_boot_backend_template] INFO  o.eclipse.m2e.core.internal.Bundles - 	Entry: E:\sunbeamapp\adv_java\Copy of sts-4.30.0.RELEASE\sts-4.30.0.RELEASE\plugins\org.eclipse.m2e.maven.runtime_3.9.900.20250220-2013\jars\maven-resolver-transport-wagon-1.9.22.jar
2025-07-24 14:05:03,126 [Worker-29: Launching Executing clean in F__fork_Backend_spring_boot_backend_template] INFO  o.eclipse.m2e.core.internal.Bundles - 	Entry: E:\sunbeamapp\adv_java\Copy of sts-4.30.0.RELEASE\sts-4.30.0.RELEASE\plugins\org.eclipse.m2e.maven.runtime_3.9.900.20250220-2013\jars\maven-resolver-util-1.9.22.jar
2025-07-24 14:05:03,126 [Worker-29: Launching Executing clean in F__fork_Backend_spring_boot_backend_template] INFO  o.eclipse.m2e.core.internal.Bundles - 	Entry: E:\sunbeamapp\adv_java\Copy of sts-4.30.0.RELEASE\sts-4.30.0.RELEASE\plugins\org.eclipse.m2e.maven.runtime_3.9.900.20250220-2013\jars\maven-settings-3.9.9.jar
2025-07-24 14:05:03,126 [Worker-29: Launching Executing clean in F__fork_Backend_spring_boot_backend_template] INFO  o.eclipse.m2e.core.internal.Bundles - 	Entry: E:\sunbeamapp\adv_java\Copy of sts-4.30.0.RELEASE\sts-4.30.0.RELEASE\plugins\org.eclipse.m2e.maven.runtime_3.9.900.20250220-2013\jars\maven-settings-builder-3.9.9.jar
2025-07-24 14:05:03,126 [Worker-29: Launching Executing clean in F__fork_Backend_spring_boot_backend_template] INFO  o.eclipse.m2e.core.internal.Bundles - 	Entry: E:\sunbeamapp\adv_java\Copy of sts-4.30.0.RELEASE\sts-4.30.0.RELEASE\plugins\org.eclipse.m2e.maven.runtime_3.9.900.20250220-2013\jars\maven-shared-utils-3.4.2.jar
2025-07-24 14:05:03,126 [Worker-29: Launching Executing clean in F__fork_Backend_spring_boot_backend_template] INFO  o.eclipse.m2e.core.internal.Bundles - 	Entry: E:\sunbeamapp\adv_java\Copy of sts-4.30.0.RELEASE\sts-4.30.0.RELEASE\plugins\org.eclipse.m2e.maven.runtime_3.9.900.20250220-2013\jars\org.eclipse.sisu.inject-0.9.0.M3.jar
2025-07-24 14:05:03,126 [Worker-29: Launching Executing clean in F__fork_Backend_spring_boot_backend_template] INFO  o.eclipse.m2e.core.internal.Bundles - 	Entry: E:\sunbeamapp\adv_java\Copy of sts-4.30.0.RELEASE\sts-4.30.0.RELEASE\plugins\org.eclipse.m2e.maven.runtime_3.9.900.20250220-2013\jars\org.eclipse.sisu.plexus-0.9.0.M3.jar
2025-07-24 14:05:03,126 [Worker-29: Launching Executing clean in F__fork_Backend_spring_boot_backend_template] INFO  o.eclipse.m2e.core.internal.Bundles - 	Entry: E:\sunbeamapp\adv_java\Copy of sts-4.30.0.RELEASE\sts-4.30.0.RELEASE\plugins\org.eclipse.m2e.maven.runtime_3.9.900.20250220-2013\jars\plexus-build-api-0.0.7.jar
2025-07-24 14:05:03,126 [Worker-29: Launching Executing clean in F__fork_Backend_spring_boot_backend_template] INFO  o.eclipse.m2e.core.internal.Bundles - 	Entry: E:\sunbeamapp\adv_java\Copy of sts-4.30.0.RELEASE\sts-4.30.0.RELEASE\plugins\org.eclipse.m2e.maven.runtime_3.9.900.20250220-2013\jars\plexus-build-api-1.2.0.jar
2025-07-24 14:05:03,126 [Worker-29: Launching Executing clean in F__fork_Backend_spring_boot_backend_template] INFO  o.eclipse.m2e.core.internal.Bundles - 	Entry: E:\sunbeamapp\adv_java\Copy of sts-4.30.0.RELEASE\sts-4.30.0.RELEASE\plugins\org.eclipse.m2e.maven.runtime_3.9.900.20250220-2013\jars\plexus-cipher-2.0.jar
2025-07-24 14:05:03,126 [Worker-29: Launching Executing clean in F__fork_Backend_spring_boot_backend_template] INFO  o.eclipse.m2e.core.internal.Bundles - 	Entry: E:\sunbeamapp\adv_java\Copy of sts-4.30.0.RELEASE\sts-4.30.0.RELEASE\plugins\org.eclipse.m2e.maven.runtime_3.9.900.20250220-2013\jars\plexus-classworlds-2.8.0.jar
2025-07-24 14:05:03,126 [Worker-29: Launching Executing clean in F__fork_Backend_spring_boot_backend_template] INFO  o.eclipse.m2e.core.internal.Bundles - 	Entry: E:\sunbeamapp\adv_java\Copy of sts-4.30.0.RELEASE\sts-4.30.0.RELEASE\plugins\org.eclipse.m2e.maven.runtime_3.9.900.20250220-2013\jars\plexus-component-annotations-2.1.0.jar
2025-07-24 14:05:03,127 [Worker-29: Launching Executing clean in F__fork_Backend_spring_boot_backend_template] INFO  o.eclipse.m2e.core.internal.Bundles - 	Entry: E:\sunbeamapp\adv_java\Copy of sts-4.30.0.RELEASE\sts-4.30.0.RELEASE\plugins\org.eclipse.m2e.maven.runtime_3.9.900.20250220-2013\jars\plexus-interpolation-1.27.jar
2025-07-24 14:05:03,127 [Worker-29: Launching Executing clean in F__fork_Backend_spring_boot_backend_template] INFO  o.eclipse.m2e.core.internal.Bundles - 	Entry: E:\sunbeamapp\adv_java\Copy of sts-4.30.0.RELEASE\sts-4.30.0.RELEASE\plugins\org.eclipse.m2e.maven.runtime_3.9.900.20250220-2013\jars\plexus-sec-dispatcher-2.0.jar
2025-07-24 14:05:03,127 [Worker-29: Launching Executing clean in F__fork_Backend_spring_boot_backend_template] INFO  o.eclipse.m2e.core.internal.Bundles - 	Entry: E:\sunbeamapp\adv_java\Copy of sts-4.30.0.RELEASE\sts-4.30.0.RELEASE\plugins\org.eclipse.m2e.maven.runtime_3.9.900.20250220-2013\jars\plexus-utils-3.5.1.jar
2025-07-24 14:05:03,127 [Worker-29: Launching Executing clean in F__fork_Backend_spring_boot_backend_template] INFO  o.eclipse.m2e.core.internal.Bundles - 	Entry: E:\sunbeamapp\adv_java\Copy of sts-4.30.0.RELEASE\sts-4.30.0.RELEASE\plugins\org.eclipse.m2e.maven.runtime_3.9.900.20250220-2013\jars\plexus-xml-3.0.1.jar
2025-07-24 14:05:03,127 [Worker-29: Launching Executing clean in F__fork_Backend_spring_boot_backend_template] INFO  o.eclipse.m2e.core.internal.Bundles - 	Entry: E:\sunbeamapp\adv_java\Copy of sts-4.30.0.RELEASE\sts-4.30.0.RELEASE\plugins\org.eclipse.m2e.maven.runtime_3.9.900.20250220-2013\jars\wagon-file-3.5.3.jar
2025-07-24 14:05:03,127 [Worker-29: Launching Executing clean in F__fork_Backend_spring_boot_backend_template] INFO  o.eclipse.m2e.core.internal.Bundles - 	Entry: E:\sunbeamapp\adv_java\Copy of sts-4.30.0.RELEASE\sts-4.30.0.RELEASE\plugins\org.eclipse.m2e.maven.runtime_3.9.900.20250220-2013\jars\wagon-http-3.5.3.jar
2025-07-24 14:05:03,127 [Worker-29: Launching Executing clean in F__fork_Backend_spring_boot_backend_template] INFO  o.eclipse.m2e.core.internal.Bundles - 	Entry: E:\sunbeamapp\adv_java\Copy of sts-4.30.0.RELEASE\sts-4.30.0.RELEASE\plugins\org.eclipse.m2e.maven.runtime_3.9.900.20250220-2013\jars\wagon-http-shared-3.5.3.jar
2025-07-24 14:05:03,129 [Worker-29: Launching Executing clean in F__fork_Backend_spring_boot_backend_template] INFO  o.eclipse.m2e.core.internal.Bundles - 	Entry: E:\sunbeamapp\adv_java\Copy of sts-4.30.0.RELEASE\sts-4.30.0.RELEASE\plugins\org.eclipse.m2e.maven.runtime_3.9.900.20250220-2013\jars\wagon-provider-api-3.5.3.jar
2025-07-24 14:05:03,129 [Worker-29: Launching Executing clean in F__fork_Backend_spring_boot_backend_template] INFO  o.eclipse.m2e.core.internal.Bundles - getClasspathEntries(Bundle=com.google.guava_33.4.0.jre [29])
2025-07-24 14:05:03,129 [Worker-29: Launching Executing clean in F__fork_Backend_spring_boot_backend_template] INFO  o.eclipse.m2e.core.internal.Bundles - 	Entry: E:\sunbeamapp\adv_java\Copy of sts-4.30.0.RELEASE\sts-4.30.0.RELEASE\plugins\com.google.guava_33.4.0.jre.jar
2025-07-24 14:05:03,129 [Worker-29: Launching Executing clean in F__fork_Backend_spring_boot_backend_template] INFO  o.eclipse.m2e.core.internal.Bundles - getClasspathEntries(Bundle=slf4j.api_2.0.17 [608])
2025-07-24 14:05:03,129 [Worker-29: Launching Executing clean in F__fork_Backend_spring_boot_backend_template] INFO  o.eclipse.m2e.core.internal.Bundles - 	Entry: E:\sunbeamapp\adv_java\Copy of sts-4.30.0.RELEASE\sts-4.30.0.RELEASE\plugins\slf4j.api_2.0.17.jar
2025-07-24 14:05:03,129 [Worker-29: Launching Executing clean in F__fork_Backend_spring_boot_backend_template] INFO  o.eclipse.m2e.core.internal.Bundles - getClasspathEntries(Bundle=javax.inject_1.0.0.v20220405-0441 [759])
2025-07-24 14:05:03,129 [Worker-29: Launching Executing clean in F__fork_Backend_spring_boot_backend_template] INFO  o.eclipse.m2e.core.internal.Bundles - 	Entry: E:\sunbeamapp\adv_java\Copy of sts-4.30.0.RELEASE\sts-4.30.0.RELEASE\plugins\javax.inject_1.0.0.v20220405-0441.jar
2025-07-24 14:05:03,129 [Worker-29: Launching Executing clean in F__fork_Backend_spring_boot_backend_template] INFO  o.eclipse.m2e.core.internal.Bundles - getClasspathEntries(Bundle=javax.annotation_1.3.5.v20230504-0748 [758])
2025-07-24 14:05:03,130 [Worker-29: Launching Executing clean in F__fork_Backend_spring_boot_backend_template] INFO  o.eclipse.m2e.core.internal.Bundles - 	Entry: E:\sunbeamapp\adv_java\Copy of sts-4.30.0.RELEASE\sts-4.30.0.RELEASE\plugins\javax.annotation_1.3.5.v20230504-0748.jar
2025-07-24 14:05:03,130 [Worker-29: Launching Executing clean in F__fork_Backend_spring_boot_backend_template] INFO  o.eclipse.m2e.core.internal.Bundles - getClasspathEntries(Bundle=org.apache.commons.cli_1.9.0 [77])
2025-07-24 14:05:03,130 [Worker-29: Launching Executing clean in F__fork_Backend_spring_boot_backend_template] INFO  o.eclipse.m2e.core.internal.Bundles - 	Entry: E:\sunbeamapp\adv_java\Copy of sts-4.30.0.RELEASE\sts-4.30.0.RELEASE\plugins\org.apache.commons.cli_1.9.0.jar
2025-07-24 14:05:03,130 [Worker-29: Launching Executing clean in F__fork_Backend_spring_boot_backend_template] INFO  o.eclipse.m2e.core.internal.Bundles - getClasspathEntries(Bundle=org.apache.commons.commons-codec_1.16.0 [79])
2025-07-24 14:05:03,131 [Worker-29: Launching Executing clean in F__fork_Backend_spring_boot_backend_template] INFO  o.eclipse.m2e.core.internal.Bundles - 	Entry: E:\sunbeamapp\adv_java\Copy of sts-4.30.0.RELEASE\sts-4.30.0.RELEASE\plugins\org.apache.commons.commons-codec_1.16.0.jar
2025-07-24 14:05:03,131 [Worker-29: Launching Executing clean in F__fork_Backend_spring_boot_backend_template] INFO  o.eclipse.m2e.core.internal.Bundles - getClasspathEntries(Bundle=com.google.guava.failureaccess_1.0.2 [30])
2025-07-24 14:05:03,131 [Worker-29: Launching Executing clean in F__fork_Backend_spring_boot_backend_template] INFO  o.eclipse.m2e.core.internal.Bundles - 	Entry: E:\sunbeamapp\adv_java\Copy of sts-4.30.0.RELEASE\sts-4.30.0.RELEASE\plugins\com.google.guava.failureaccess_1.0.2.jar
2025-07-24 14:05:03,134 [Worker-29: Launching Executing clean in F__fork_Backend_spring_boot_backend_template] INFO  o.e.m.i.launch.MavenLaunchDelegate - Run build in "F:\fork\Backend\spring_boot_backend_template":
2025-07-24 14:05:03,135 [Worker-29: Launching Executing clean in F__fork_Backend_spring_boot_backend_template] INFO  o.e.m.i.launch.MavenLaunchDelegate -  mvn  -B -Dstyle.color=always clean
2025-07-24 14:05:06,624 [Worker-20: Building] INFO  o.a.m.s.f.DefaultMavenResourcesFiltering - Copying 1 resource from src\main\resources to target\classes
2025-07-24 14:05:06,627 [Worker-20: Building] INFO  o.a.m.s.f.DefaultMavenResourcesFiltering - Copying 0 resource from src\main\resources to target\classes
2025-07-24 14:05:06,635 [Worker-20: Building] INFO  o.a.m.s.f.DefaultMavenResourcesFiltering - skip non existing resourceDirectory F:\fork\Backend\spring_boot_backend_template\src\test\resources
2025-07-24 14:05:21,240 [main] INFO  o.e.m2e.actions.ExecutePomAction - Creating new launch configuration
2025-07-24 14:05:26,806 [Worker-20: Launching spring_boot_backend_template (1)] INFO  o.eclipse.m2e.core.internal.Bundles - getClasspathEntries(Bundle=org.eclipse.m2e.maven.runtime_3.9.900.20250220-2013 [361])
2025-07-24 14:05:26,806 [Worker-20: Launching spring_boot_backend_template (1)] INFO  o.eclipse.m2e.core.internal.Bundles - 	Entry: E:\sunbeamapp\adv_java\Copy of sts-4.30.0.RELEASE\sts-4.30.0.RELEASE\plugins\org.eclipse.m2e.maven.runtime_3.9.900.20250220-2013
2025-07-24 14:05:26,807 [Worker-20: Launching spring_boot_backend_template (1)] INFO  o.eclipse.m2e.core.internal.Bundles - 	Entry: E:\sunbeamapp\adv_java\Copy of sts-4.30.0.RELEASE\sts-4.30.0.RELEASE\plugins\org.eclipse.m2e.maven.runtime_3.9.900.20250220-2013\jars\aopalliance-1.0.jar
2025-07-24 14:05:26,807 [Worker-20: Launching spring_boot_backend_template (1)] INFO  o.eclipse.m2e.core.internal.Bundles - 	Entry: E:\sunbeamapp\adv_java\Copy of sts-4.30.0.RELEASE\sts-4.30.0.RELEASE\plugins\org.eclipse.m2e.maven.runtime_3.9.900.20250220-2013\jars\guice-5.1.0.jar
2025-07-24 14:05:26,807 [Worker-20: Launching spring_boot_backend_template (1)] INFO  o.eclipse.m2e.core.internal.Bundles - 	Entry: E:\sunbeamapp\adv_java\Copy of sts-4.30.0.RELEASE\sts-4.30.0.RELEASE\plugins\org.eclipse.m2e.maven.runtime_3.9.900.20250220-2013\jars\httpclient-4.5.14.jar
2025-07-24 14:05:26,807 [Worker-20: Launching spring_boot_backend_template (1)] INFO  o.eclipse.m2e.core.internal.Bundles - 	Entry: E:\sunbeamapp\adv_java\Copy of sts-4.30.0.RELEASE\sts-4.30.0.RELEASE\plugins\org.eclipse.m2e.maven.runtime_3.9.900.20250220-2013\jars\httpcore-4.4.16.jar
2025-07-24 14:05:26,808 [Worker-20: Launching spring_boot_backend_template (1)] INFO  o.eclipse.m2e.core.internal.Bundles - 	Entry: E:\sunbeamapp\adv_java\Copy of sts-4.30.0.RELEASE\sts-4.30.0.RELEASE\plugins\org.eclipse.m2e.maven.runtime_3.9.900.20250220-2013\jars\jansi-2.4.1.jar
2025-07-24 14:05:26,808 [Worker-20: Launching spring_boot_backend_template (1)] INFO  o.eclipse.m2e.core.internal.Bundles - 	Entry: E:\sunbeamapp\adv_java\Copy of sts-4.30.0.RELEASE\sts-4.30.0.RELEASE\plugins\org.eclipse.m2e.maven.runtime_3.9.900.20250220-2013\jars\jcl-over-slf4j-1.7.36.jar
2025-07-24 14:05:26,808 [Worker-20: Launching spring_boot_backend_template (1)] INFO  o.eclipse.m2e.core.internal.Bundles - 	Entry: E:\sunbeamapp\adv_java\Copy of sts-4.30.0.RELEASE\sts-4.30.0.RELEASE\plugins\org.eclipse.m2e.maven.runtime_3.9.900.20250220-2013\jars\maven-artifact-3.9.9.jar
2025-07-24 14:05:26,808 [Worker-20: Launching spring_boot_backend_template (1)] INFO  o.eclipse.m2e.core.internal.Bundles - 	Entry: E:\sunbeamapp\adv_java\Copy of sts-4.30.0.RELEASE\sts-4.30.0.RELEASE\plugins\org.eclipse.m2e.maven.runtime_3.9.900.20250220-2013\jars\maven-builder-support-3.9.9.jar
2025-07-24 14:05:26,808 [Worker-20: Launching spring_boot_backend_template (1)] INFO  o.eclipse.m2e.core.internal.Bundles - 	Entry: E:\sunbeamapp\adv_java\Copy of sts-4.30.0.RELEASE\sts-4.30.0.RELEASE\plugins\org.eclipse.m2e.maven.runtime_3.9.900.20250220-2013\jars\maven-compat-3.9.9.jar
2025-07-24 14:05:26,808 [Worker-20: Launching spring_boot_backend_template (1)] INFO  o.eclipse.m2e.core.internal.Bundles - 	Entry: E:\sunbeamapp\adv_java\Copy of sts-4.30.0.RELEASE\sts-4.30.0.RELEASE\plugins\org.eclipse.m2e.maven.runtime_3.9.900.20250220-2013\jars\maven-core-3.9.9.jar
2025-07-24 14:05:26,808 [Worker-20: Launching spring_boot_backend_template (1)] INFO  o.eclipse.m2e.core.internal.Bundles - 	Entry: E:\sunbeamapp\adv_java\Copy of sts-4.30.0.RELEASE\sts-4.30.0.RELEASE\plugins\org.eclipse.m2e.maven.runtime_3.9.900.20250220-2013\jars\maven-embedder-3.9.9.jar
2025-07-24 14:05:26,808 [Worker-20: Launching spring_boot_backend_template (1)] INFO  o.eclipse.m2e.core.internal.Bundles - 	Entry: E:\sunbeamapp\adv_java\Copy of sts-4.30.0.RELEASE\sts-4.30.0.RELEASE\plugins\org.eclipse.m2e.maven.runtime_3.9.900.20250220-2013\jars\maven-model-3.9.9.jar
2025-07-24 14:05:26,808 [Worker-20: Launching spring_boot_backend_template (1)] INFO  o.eclipse.m2e.core.internal.Bundles - 	Entry: E:\sunbeamapp\adv_java\Copy of sts-4.30.0.RELEASE\sts-4.30.0.RELEASE\plugins\org.eclipse.m2e.maven.runtime_3.9.900.20250220-2013\jars\maven-model-builder-3.9.9.jar
2025-07-24 14:05:26,808 [Worker-20: Launching spring_boot_backend_template (1)] INFO  o.eclipse.m2e.core.internal.Bundles - 	Entry: E:\sunbeamapp\adv_java\Copy of sts-4.30.0.RELEASE\sts-4.30.0.RELEASE\plugins\org.eclipse.m2e.maven.runtime_3.9.900.20250220-2013\jars\maven-plugin-api-3.9.9.jar
2025-07-24 14:05:26,808 [Worker-20: Launching spring_boot_backend_template (1)] INFO  o.eclipse.m2e.core.internal.Bundles - 	Entry: E:\sunbeamapp\adv_java\Copy of sts-4.30.0.RELEASE\sts-4.30.0.RELEASE\plugins\org.eclipse.m2e.maven.runtime_3.9.900.20250220-2013\jars\maven-repository-metadata-3.9.9.jar
2025-07-24 14:05:26,808 [Worker-20: Launching spring_boot_backend_template (1)] INFO  o.eclipse.m2e.core.internal.Bundles - 	Entry: E:\sunbeamapp\adv_java\Copy of sts-4.30.0.RELEASE\sts-4.30.0.RELEASE\plugins\org.eclipse.m2e.maven.runtime_3.9.900.20250220-2013\jars\maven-resolver-api-1.9.22.jar
2025-07-24 14:05:26,808 [Worker-20: Launching spring_boot_backend_template (1)] INFO  o.eclipse.m2e.core.internal.Bundles - 	Entry: E:\sunbeamapp\adv_java\Copy of sts-4.30.0.RELEASE\sts-4.30.0.RELEASE\plugins\org.eclipse.m2e.maven.runtime_3.9.900.20250220-2013\jars\maven-resolver-connector-basic-1.9.22.jar
2025-07-24 14:05:26,809 [Worker-20: Launching spring_boot_backend_template (1)] INFO  o.eclipse.m2e.core.internal.Bundles - 	Entry: E:\sunbeamapp\adv_java\Copy of sts-4.30.0.RELEASE\sts-4.30.0.RELEASE\plugins\org.eclipse.m2e.maven.runtime_3.9.900.20250220-2013\jars\maven-resolver-impl-1.9.22.jar
2025-07-24 14:05:26,809 [Worker-20: Launching spring_boot_backend_template (1)] INFO  o.eclipse.m2e.core.internal.Bundles - 	Entry: E:\sunbeamapp\adv_java\Copy of sts-4.30.0.RELEASE\sts-4.30.0.RELEASE\plugins\org.eclipse.m2e.maven.runtime_3.9.900.20250220-2013\jars\maven-resolver-named-locks-1.9.22.jar
2025-07-24 14:05:26,809 [Worker-20: Launching spring_boot_backend_template (1)] INFO  o.eclipse.m2e.core.internal.Bundles - 	Entry: E:\sunbeamapp\adv_java\Copy of sts-4.30.0.RELEASE\sts-4.30.0.RELEASE\plugins\org.eclipse.m2e.maven.runtime_3.9.900.20250220-2013\jars\maven-resolver-provider-3.9.9.jar
2025-07-24 14:05:26,809 [Worker-20: Launching spring_boot_backend_template (1)] INFO  o.eclipse.m2e.core.internal.Bundles - 	Entry: E:\sunbeamapp\adv_java\Copy of sts-4.30.0.RELEASE\sts-4.30.0.RELEASE\plugins\org.eclipse.m2e.maven.runtime_3.9.900.20250220-2013\jars\maven-resolver-spi-1.9.22.jar
2025-07-24 14:05:26,809 [Worker-20: Launching spring_boot_backend_template (1)] INFO  o.eclipse.m2e.core.internal.Bundles - 	Entry: E:\sunbeamapp\adv_java\Copy of sts-4.30.0.RELEASE\sts-4.30.0.RELEASE\plugins\org.eclipse.m2e.maven.runtime_3.9.900.20250220-2013\jars\maven-resolver-transport-file-1.9.22.jar
2025-07-24 14:05:26,810 [Worker-20: Launching spring_boot_backend_template (1)] INFO  o.eclipse.m2e.core.internal.Bundles - 	Entry: E:\sunbeamapp\adv_java\Copy of sts-4.30.0.RELEASE\sts-4.30.0.RELEASE\plugins\org.eclipse.m2e.maven.runtime_3.9.900.20250220-2013\jars\maven-resolver-transport-http-1.9.22.jar
2025-07-24 14:05:26,810 [Worker-20: Launching spring_boot_backend_template (1)] INFO  o.eclipse.m2e.core.internal.Bundles - 	Entry: E:\sunbeamapp\adv_java\Copy of sts-4.30.0.RELEASE\sts-4.30.0.RELEASE\plugins\org.eclipse.m2e.maven.runtime_3.9.900.20250220-2013\jars\maven-resolver-transport-wagon-1.9.22.jar
2025-07-24 14:05:26,810 [Worker-20: Launching spring_boot_backend_template (1)] INFO  o.eclipse.m2e.core.internal.Bundles - 	Entry: E:\sunbeamapp\adv_java\Copy of sts-4.30.0.RELEASE\sts-4.30.0.RELEASE\plugins\org.eclipse.m2e.maven.runtime_3.9.900.20250220-2013\jars\maven-resolver-util-1.9.22.jar
2025-07-24 14:05:26,810 [Worker-20: Launching spring_boot_backend_template (1)] INFO  o.eclipse.m2e.core.internal.Bundles - 	Entry: E:\sunbeamapp\adv_java\Copy of sts-4.30.0.RELEASE\sts-4.30.0.RELEASE\plugins\org.eclipse.m2e.maven.runtime_3.9.900.20250220-2013\jars\maven-settings-3.9.9.jar
2025-07-24 14:05:26,810 [Worker-20: Launching spring_boot_backend_template (1)] INFO  o.eclipse.m2e.core.internal.Bundles - 	Entry: E:\sunbeamapp\adv_java\Copy of sts-4.30.0.RELEASE\sts-4.30.0.RELEASE\plugins\org.eclipse.m2e.maven.runtime_3.9.900.20250220-2013\jars\maven-settings-builder-3.9.9.jar
2025-07-24 14:05:26,811 [Worker-20: Launching spring_boot_backend_template (1)] INFO  o.eclipse.m2e.core.internal.Bundles - 	Entry: E:\sunbeamapp\adv_java\Copy of sts-4.30.0.RELEASE\sts-4.30.0.RELEASE\plugins\org.eclipse.m2e.maven.runtime_3.9.900.20250220-2013\jars\maven-shared-utils-3.4.2.jar
2025-07-24 14:05:26,811 [Worker-20: Launching spring_boot_backend_template (1)] INFO  o.eclipse.m2e.core.internal.Bundles - 	Entry: E:\sunbeamapp\adv_java\Copy of sts-4.30.0.RELEASE\sts-4.30.0.RELEASE\plugins\org.eclipse.m2e.maven.runtime_3.9.900.20250220-2013\jars\org.eclipse.sisu.inject-0.9.0.M3.jar
2025-07-24 14:05:26,811 [Worker-20: Launching spring_boot_backend_template (1)] INFO  o.eclipse.m2e.core.internal.Bundles - 	Entry: E:\sunbeamapp\adv_java\Copy of sts-4.30.0.RELEASE\sts-4.30.0.RELEASE\plugins\org.eclipse.m2e.maven.runtime_3.9.900.20250220-2013\jars\org.eclipse.sisu.plexus-0.9.0.M3.jar
2025-07-24 14:05:26,811 [Worker-20: Launching spring_boot_backend_template (1)] INFO  o.eclipse.m2e.core.internal.Bundles - 	Entry: E:\sunbeamapp\adv_java\Copy of sts-4.30.0.RELEASE\sts-4.30.0.RELEASE\plugins\org.eclipse.m2e.maven.runtime_3.9.900.20250220-2013\jars\plexus-build-api-0.0.7.jar
2025-07-24 14:05:26,811 [Worker-20: Launching spring_boot_backend_template (1)] INFO  o.eclipse.m2e.core.internal.Bundles - 	Entry: E:\sunbeamapp\adv_java\Copy of sts-4.30.0.RELEASE\sts-4.30.0.RELEASE\plugins\org.eclipse.m2e.maven.runtime_3.9.900.20250220-2013\jars\plexus-build-api-1.2.0.jar
2025-07-24 14:05:26,811 [Worker-20: Launching spring_boot_backend_template (1)] INFO  o.eclipse.m2e.core.internal.Bundles - 	Entry: E:\sunbeamapp\adv_java\Copy of sts-4.30.0.RELEASE\sts-4.30.0.RELEASE\plugins\org.eclipse.m2e.maven.runtime_3.9.900.20250220-2013\jars\plexus-cipher-2.0.jar
2025-07-24 14:05:26,811 [Worker-20: Launching spring_boot_backend_template (1)] INFO  o.eclipse.m2e.core.internal.Bundles - 	Entry: E:\sunbeamapp\adv_java\Copy of sts-4.30.0.RELEASE\sts-4.30.0.RELEASE\plugins\org.eclipse.m2e.maven.runtime_3.9.900.20250220-2013\jars\plexus-classworlds-2.8.0.jar
2025-07-24 14:05:26,811 [Worker-20: Launching spring_boot_backend_template (1)] INFO  o.eclipse.m2e.core.internal.Bundles - 	Entry: E:\sunbeamapp\adv_java\Copy of sts-4.30.0.RELEASE\sts-4.30.0.RELEASE\plugins\org.eclipse.m2e.maven.runtime_3.9.900.20250220-2013\jars\plexus-component-annotations-2.1.0.jar
2025-07-24 14:05:26,812 [Worker-20: Launching spring_boot_backend_template (1)] INFO  o.eclipse.m2e.core.internal.Bundles - 	Entry: E:\sunbeamapp\adv_java\Copy of sts-4.30.0.RELEASE\sts-4.30.0.RELEASE\plugins\org.eclipse.m2e.maven.runtime_3.9.900.20250220-2013\jars\plexus-interpolation-1.27.jar
2025-07-24 14:05:26,812 [Worker-20: Launching spring_boot_backend_template (1)] INFO  o.eclipse.m2e.core.internal.Bundles - 	Entry: E:\sunbeamapp\adv_java\Copy of sts-4.30.0.RELEASE\sts-4.30.0.RELEASE\plugins\org.eclipse.m2e.maven.runtime_3.9.900.20250220-2013\jars\plexus-sec-dispatcher-2.0.jar
2025-07-24 14:05:26,812 [Worker-20: Launching spring_boot_backend_template (1)] INFO  o.eclipse.m2e.core.internal.Bundles - 	Entry: E:\sunbeamapp\adv_java\Copy of sts-4.30.0.RELEASE\sts-4.30.0.RELEASE\plugins\org.eclipse.m2e.maven.runtime_3.9.900.20250220-2013\jars\plexus-utils-3.5.1.jar
2025-07-24 14:05:26,812 [Worker-20: Launching spring_boot_backend_template (1)] INFO  o.eclipse.m2e.core.internal.Bundles - 	Entry: E:\sunbeamapp\adv_java\Copy of sts-4.30.0.RELEASE\sts-4.30.0.RELEASE\plugins\org.eclipse.m2e.maven.runtime_3.9.900.20250220-2013\jars\plexus-xml-3.0.1.jar
2025-07-24 14:05:26,812 [Worker-20: Launching spring_boot_backend_template (1)] INFO  o.eclipse.m2e.core.internal.Bundles - 	Entry: E:\sunbeamapp\adv_java\Copy of sts-4.30.0.RELEASE\sts-4.30.0.RELEASE\plugins\org.eclipse.m2e.maven.runtime_3.9.900.20250220-2013\jars\wagon-file-3.5.3.jar
2025-07-24 14:05:26,812 [Worker-20: Launching spring_boot_backend_template (1)] INFO  o.eclipse.m2e.core.internal.Bundles - 	Entry: E:\sunbeamapp\adv_java\Copy of sts-4.30.0.RELEASE\sts-4.30.0.RELEASE\plugins\org.eclipse.m2e.maven.runtime_3.9.900.20250220-2013\jars\wagon-http-3.5.3.jar
2025-07-24 14:05:26,812 [Worker-20: Launching spring_boot_backend_template (1)] INFO  o.eclipse.m2e.core.internal.Bundles - 	Entry: E:\sunbeamapp\adv_java\Copy of sts-4.30.0.RELEASE\sts-4.30.0.RELEASE\plugins\org.eclipse.m2e.maven.runtime_3.9.900.20250220-2013\jars\wagon-http-shared-3.5.3.jar
2025-07-24 14:05:26,812 [Worker-20: Launching spring_boot_backend_template (1)] INFO  o.eclipse.m2e.core.internal.Bundles - 	Entry: E:\sunbeamapp\adv_java\Copy of sts-4.30.0.RELEASE\sts-4.30.0.RELEASE\plugins\org.eclipse.m2e.maven.runtime_3.9.900.20250220-2013\jars\wagon-provider-api-3.5.3.jar
2025-07-24 14:05:26,812 [Worker-20: Launching spring_boot_backend_template (1)] INFO  o.eclipse.m2e.core.internal.Bundles - getClasspathEntries(Bundle=com.google.guava_33.4.0.jre [29])
2025-07-24 14:05:26,813 [Worker-20: Launching spring_boot_backend_template (1)] INFO  o.eclipse.m2e.core.internal.Bundles - 	Entry: E:\sunbeamapp\adv_java\Copy of sts-4.30.0.RELEASE\sts-4.30.0.RELEASE\plugins\com.google.guava_33.4.0.jre.jar
2025-07-24 14:05:26,813 [Worker-20: Launching spring_boot_backend_template (1)] INFO  o.eclipse.m2e.core.internal.Bundles - getClasspathEntries(Bundle=slf4j.api_2.0.17 [608])
2025-07-24 14:05:26,813 [Worker-20: Launching spring_boot_backend_template (1)] INFO  o.eclipse.m2e.core.internal.Bundles - 	Entry: E:\sunbeamapp\adv_java\Copy of sts-4.30.0.RELEASE\sts-4.30.0.RELEASE\plugins\slf4j.api_2.0.17.jar
2025-07-24 14:05:26,813 [Worker-20: Launching spring_boot_backend_template (1)] INFO  o.eclipse.m2e.core.internal.Bundles - getClasspathEntries(Bundle=javax.inject_1.0.0.v20220405-0441 [759])
2025-07-24 14:05:26,814 [Worker-20: Launching spring_boot_backend_template (1)] INFO  o.eclipse.m2e.core.internal.Bundles - 	Entry: E:\sunbeamapp\adv_java\Copy of sts-4.30.0.RELEASE\sts-4.30.0.RELEASE\plugins\javax.inject_1.0.0.v20220405-0441.jar
2025-07-24 14:05:26,814 [Worker-20: Launching spring_boot_backend_template (1)] INFO  o.eclipse.m2e.core.internal.Bundles - getClasspathEntries(Bundle=javax.annotation_1.3.5.v20230504-0748 [758])
2025-07-24 14:05:26,814 [Worker-20: Launching spring_boot_backend_template (1)] INFO  o.eclipse.m2e.core.internal.Bundles - 	Entry: E:\sunbeamapp\adv_java\Copy of sts-4.30.0.RELEASE\sts-4.30.0.RELEASE\plugins\javax.annotation_1.3.5.v20230504-0748.jar
2025-07-24 14:05:26,814 [Worker-20: Launching spring_boot_backend_template (1)] INFO  o.eclipse.m2e.core.internal.Bundles - getClasspathEntries(Bundle=org.apache.commons.cli_1.9.0 [77])
2025-07-24 14:05:26,814 [Worker-20: Launching spring_boot_backend_template (1)] INFO  o.eclipse.m2e.core.internal.Bundles - 	Entry: E:\sunbeamapp\adv_java\Copy of sts-4.30.0.RELEASE\sts-4.30.0.RELEASE\plugins\org.apache.commons.cli_1.9.0.jar
2025-07-24 14:05:26,814 [Worker-20: Launching spring_boot_backend_template (1)] INFO  o.eclipse.m2e.core.internal.Bundles - getClasspathEntries(Bundle=org.apache.commons.commons-codec_1.16.0 [79])
2025-07-24 14:05:26,814 [Worker-20: Launching spring_boot_backend_template (1)] INFO  o.eclipse.m2e.core.internal.Bundles - 	Entry: E:\sunbeamapp\adv_java\Copy of sts-4.30.0.RELEASE\sts-4.30.0.RELEASE\plugins\org.apache.commons.commons-codec_1.16.0.jar
2025-07-24 14:05:26,815 [Worker-20: Launching spring_boot_backend_template (1)] INFO  o.eclipse.m2e.core.internal.Bundles - getClasspathEntries(Bundle=com.google.guava.failureaccess_1.0.2 [30])
2025-07-24 14:05:26,815 [Worker-20: Launching spring_boot_backend_template (1)] INFO  o.eclipse.m2e.core.internal.Bundles - 	Entry: E:\sunbeamapp\adv_java\Copy of sts-4.30.0.RELEASE\sts-4.30.0.RELEASE\plugins\com.google.guava.failureaccess_1.0.2.jar
2025-07-24 14:05:26,816 [Worker-20: Launching spring_boot_backend_template (1)] INFO  o.e.m.i.launch.MavenLaunchDelegate - Run build in "F:\fork\Backend\spring_boot_backend_template":
2025-07-24 14:05:26,816 [Worker-20: Launching spring_boot_backend_template (1)] INFO  o.e.m.i.launch.MavenLaunchDelegate -  mvn  -B -Dstyle.color=always clean compile
2025-07-24 14:05:26,816 [Worker-20: Launching spring_boot_backend_template (1)] WARN  o.e.m.i.l.MavenLaunchExtensionsSupport - Unknown or unsupported source locator org.eclipse.jdt.internal.launching.sourcelookup.advanced.AdvancedSourceLookupDirector
2025-07-24 14:15:06,162 [Worker-29: Building] INFO  o.a.m.s.f.DefaultMavenResourcesFiltering - Copying 1 resource from src\main\resources to target\classes
2025-07-24 14:15:06,247 [Worker-29: Building] INFO  o.a.m.s.f.DefaultMavenResourcesFiltering - Copying 0 resource from src\main\resources to target\classes
2025-07-24 14:15:06,253 [Worker-29: Building] INFO  o.a.m.s.f.DefaultMavenResourcesFiltering - skip non existing resourceDirectory F:\fork\Backend\spring_boot_backend_template\src\test\resources
2025-07-24 20:00:48,161 [Worker-49: Building] INFO  o.a.m.s.f.DefaultMavenResourcesFiltering - Copying 1 resource from src\main\resources to target\classes
2025-07-24 20:00:48,299 [Worker-49: Building] INFO  o.a.m.s.f.DefaultMavenResourcesFiltering - Copying 0 resource from src\main\resources to target\classes
2025-07-24 20:00:48,305 [Worker-49: Building] INFO  o.a.m.s.f.DefaultMavenResourcesFiltering - skip non existing resourceDirectory F:\fork\Backend\spring_boot_backend_template\src\test\resources
2025-07-24 20:04:34,197 [Worker-50: Building] INFO  o.a.m.s.f.DefaultMavenResourcesFiltering - Copying 1 resource from src\main\resources to target\classes
2025-07-24 20:04:34,275 [Worker-50: Building] INFO  o.a.m.s.f.DefaultMavenResourcesFiltering - Copying 0 resource from src\main\resources to target\classes
2025-07-24 20:04:34,284 [Worker-50: Building] INFO  o.a.m.s.f.DefaultMavenResourcesFiltering - skip non existing resourceDirectory F:\fork\Backend\spring_boot_backend_template\src\test\resources
2025-07-24 20:04:52,208 [Worker-50: Building] INFO  o.a.m.s.f.DefaultMavenResourcesFiltering - Copying 1 resource from src\main\resources to target\classes
2025-07-24 20:04:52,226 [Worker-50: Building] INFO  o.a.m.s.f.DefaultMavenResourcesFiltering - Copying 0 resource from src\main\resources to target\classes
2025-07-24 20:04:52,230 [Worker-50: Building] INFO  o.a.m.s.f.DefaultMavenResourcesFiltering - skip non existing resourceDirectory F:\fork\Backend\spring_boot_backend_template\src\test\resources
2025-07-24 20:04:54,928 [Worker-51: Building] INFO  o.a.m.s.f.DefaultMavenResourcesFiltering - Copying 1 resource from src\main\resources to target\classes
2025-07-24 20:04:54,937 [Worker-51: Building] INFO  o.a.m.s.f.DefaultMavenResourcesFiltering - Copying 0 resource from src\main\resources to target\classes
2025-07-24 20:04:54,942 [Worker-51: Building] INFO  o.a.m.s.f.DefaultMavenResourcesFiltering - skip non existing resourceDirectory F:\fork\Backend\spring_boot_backend_template\src\test\resources
2025-07-24 20:05:44,321 [Worker-49: Building] INFO  o.a.m.s.f.DefaultMavenResourcesFiltering - Copying 1 resource from src\main\resources to target\classes
2025-07-24 20:05:44,328 [Worker-49: Building] INFO  o.a.m.s.f.DefaultMavenResourcesFiltering - Copying 0 resource from src\main\resources to target\classes
2025-07-24 20:05:44,331 [Worker-49: Building] INFO  o.a.m.s.f.DefaultMavenResourcesFiltering - skip non existing resourceDirectory F:\fork\Backend\spring_boot_backend_template\src\test\resources
2025-07-24 20:06:12,283 [Worker-49: Building] INFO  o.a.m.s.f.DefaultMavenResourcesFiltering - Copying 1 resource from src\main\resources to target\classes
2025-07-24 20:06:12,289 [Worker-49: Building] INFO  o.a.m.s.f.DefaultMavenResourcesFiltering - Copying 0 resource from src\main\resources to target\classes
2025-07-24 20:06:12,292 [Worker-49: Building] INFO  o.a.m.s.f.DefaultMavenResourcesFiltering - skip non existing resourceDirectory F:\fork\Backend\spring_boot_backend_template\src\test\resources
2025-07-24 20:06:22,843 [Worker-52: Building] INFO  o.a.m.s.f.DefaultMavenResourcesFiltering - Copying 1 resource from src\main\resources to target\classes
2025-07-24 20:06:22,851 [Worker-52: Building] INFO  o.a.m.s.f.DefaultMavenResourcesFiltering - Copying 0 resource from src\main\resources to target\classes
2025-07-24 20:06:22,853 [Worker-52: Building] INFO  o.a.m.s.f.DefaultMavenResourcesFiltering - skip non existing resourceDirectory F:\fork\Backend\spring_boot_backend_template\src\test\resources
2025-07-24 20:06:46,362 [Worker-49: Building] INFO  o.a.m.s.f.DefaultMavenResourcesFiltering - Copying 1 resource from src\main\resources to target\classes
2025-07-24 20:06:46,369 [Worker-49: Building] INFO  o.a.m.s.f.DefaultMavenResourcesFiltering - Copying 0 resource from src\main\resources to target\classes
2025-07-24 20:06:46,375 [Worker-49: Building] INFO  o.a.m.s.f.DefaultMavenResourcesFiltering - skip non existing resourceDirectory F:\fork\Backend\spring_boot_backend_template\src\test\resources
2025-07-24 20:07:01,995 [Worker-48: Building] INFO  o.a.m.s.f.DefaultMavenResourcesFiltering - Copying 1 resource from src\main\resources to target\classes
2025-07-24 20:07:01,999 [Worker-48: Building] INFO  o.a.m.s.f.DefaultMavenResourcesFiltering - Copying 0 resource from src\main\resources to target\classes
2025-07-24 20:07:02,006 [Worker-48: Building] INFO  o.a.m.s.f.DefaultMavenResourcesFiltering - skip non existing resourceDirectory F:\fork\Backend\spring_boot_backend_template\src\test\resources
2025-07-24 20:07:33,956 [Worker-49: Building] INFO  o.a.m.s.f.DefaultMavenResourcesFiltering - Copying 1 resource from src\main\resources to target\classes
2025-07-24 20:07:33,963 [Worker-49: Building] INFO  o.a.m.s.f.DefaultMavenResourcesFiltering - Copying 0 resource from src\main\resources to target\classes
2025-07-24 20:07:33,967 [Worker-49: Building] INFO  o.a.m.s.f.DefaultMavenResourcesFiltering - skip non existing resourceDirectory F:\fork\Backend\spring_boot_backend_template\src\test\resources
2025-07-24 20:08:22,373 [Worker-39: Building] INFO  o.a.m.s.f.DefaultMavenResourcesFiltering - Copying 1 resource from src\main\resources to target\classes
2025-07-24 20:08:22,377 [Worker-39: Building] INFO  o.a.m.s.f.DefaultMavenResourcesFiltering - Copying 0 resource from src\main\resources to target\classes
2025-07-24 20:08:22,381 [Worker-39: Building] INFO  o.a.m.s.f.DefaultMavenResourcesFiltering - skip non existing resourceDirectory F:\fork\Backend\spring_boot_backend_template\src\test\resources
2025-07-24 20:08:37,113 [Worker-51: Building] INFO  o.a.m.s.f.DefaultMavenResourcesFiltering - Copying 1 resource from src\main\resources to target\classes
2025-07-24 20:08:37,120 [Worker-51: Building] INFO  o.a.m.s.f.DefaultMavenResourcesFiltering - Copying 0 resource from src\main\resources to target\classes
2025-07-24 20:08:37,124 [Worker-51: Building] INFO  o.a.m.s.f.DefaultMavenResourcesFiltering - skip non existing resourceDirectory F:\fork\Backend\spring_boot_backend_template\src\test\resources
2025-07-24 20:09:20,535 [Worker-52: Building] INFO  o.a.m.s.f.DefaultMavenResourcesFiltering - Copying 1 resource from src\main\resources to target\classes
2025-07-24 20:09:20,543 [Worker-52: Building] INFO  o.a.m.s.f.DefaultMavenResourcesFiltering - Copying 0 resource from src\main\resources to target\classes
2025-07-24 20:09:20,549 [Worker-52: Building] INFO  o.a.m.s.f.DefaultMavenResourcesFiltering - skip non existing resourceDirectory F:\fork\Backend\spring_boot_backend_template\src\test\resources
2025-07-24 20:10:34,794 [Worker-49: Building] INFO  o.a.m.s.f.DefaultMavenResourcesFiltering - Copying 1 resource from src\main\resources to target\classes
2025-07-24 20:10:34,801 [Worker-49: Building] INFO  o.a.m.s.f.DefaultMavenResourcesFiltering - Copying 0 resource from src\main\resources to target\classes
2025-07-24 20:10:34,804 [Worker-49: Building] INFO  o.a.m.s.f.DefaultMavenResourcesFiltering - skip non existing resourceDirectory F:\fork\Backend\spring_boot_backend_template\src\test\resources
2025-07-24 20:10:56,819 [Worker-52: Building] INFO  o.a.m.s.f.DefaultMavenResourcesFiltering - Copying 1 resource from src\main\resources to target\classes
2025-07-24 20:10:56,822 [Worker-52: Building] INFO  o.a.m.s.f.DefaultMavenResourcesFiltering - Copying 0 resource from src\main\resources to target\classes
2025-07-24 20:10:56,825 [Worker-52: Building] INFO  o.a.m.s.f.DefaultMavenResourcesFiltering - skip non existing resourceDirectory F:\fork\Backend\spring_boot_backend_template\src\test\resources
2025-07-24 20:14:17,489 [Worker-49: Building] INFO  o.a.m.s.f.DefaultMavenResourcesFiltering - Copying 1 resource from src\main\resources to target\classes
2025-07-24 20:14:17,497 [Worker-49: Building] INFO  o.a.m.s.f.DefaultMavenResourcesFiltering - Copying 0 resource from src\main\resources to target\classes
2025-07-24 20:14:17,501 [Worker-49: Building] INFO  o.a.m.s.f.DefaultMavenResourcesFiltering - skip non existing resourceDirectory F:\fork\Backend\spring_boot_backend_template\src\test\resources
2025-07-24 20:15:28,500 [Worker-50: Building] INFO  o.a.m.s.f.DefaultMavenResourcesFiltering - Copying 1 resource from src\main\resources to target\classes
2025-07-24 20:15:28,505 [Worker-50: Building] INFO  o.a.m.s.f.DefaultMavenResourcesFiltering - Copying 0 resource from src\main\resources to target\classes
2025-07-24 20:15:28,508 [Worker-50: Building] INFO  o.a.m.s.f.DefaultMavenResourcesFiltering - skip non existing resourceDirectory F:\fork\Backend\spring_boot_backend_template\src\test\resources
2025-07-24 20:15:31,920 [Worker-49: Building] INFO  o.a.m.s.f.DefaultMavenResourcesFiltering - Copying 1 resource from src\main\resources to target\classes
2025-07-24 20:15:31,924 [Worker-49: Building] INFO  o.a.m.s.f.DefaultMavenResourcesFiltering - Copying 0 resource from src\main\resources to target\classes
2025-07-24 20:15:31,925 [Worker-49: Building] INFO  o.a.m.s.f.DefaultMavenResourcesFiltering - skip non existing resourceDirectory F:\fork\Backend\spring_boot_backend_template\src\test\resources
2025-07-24 20:16:43,654 [Worker-50: Building] INFO  o.a.m.s.f.DefaultMavenResourcesFiltering - Copying 1 resource from src\main\resources to target\classes
2025-07-24 20:16:43,663 [Worker-50: Building] INFO  o.a.m.s.f.DefaultMavenResourcesFiltering - Copying 0 resource from src\main\resources to target\classes
2025-07-24 20:16:43,668 [Worker-50: Building] INFO  o.a.m.s.f.DefaultMavenResourcesFiltering - skip non existing resourceDirectory F:\fork\Backend\spring_boot_backend_template\src\test\resources
2025-07-24 20:17:57,471 [Worker-50: Building] INFO  o.a.m.s.f.DefaultMavenResourcesFiltering - Copying 1 resource from src\main\resources to target\classes
2025-07-24 20:17:57,476 [Worker-50: Building] INFO  o.a.m.s.f.DefaultMavenResourcesFiltering - Copying 0 resource from src\main\resources to target\classes
2025-07-24 20:17:57,478 [Worker-50: Building] INFO  o.a.m.s.f.DefaultMavenResourcesFiltering - skip non existing resourceDirectory F:\fork\Backend\spring_boot_backend_template\src\test\resources
2025-07-24 20:18:42,496 [Worker-53: Building] INFO  o.a.m.s.f.DefaultMavenResourcesFiltering - Copying 1 resource from src\main\resources to target\classes
2025-07-24 20:18:42,507 [Worker-53: Building] INFO  o.a.m.s.f.DefaultMavenResourcesFiltering - Copying 0 resource from src\main\resources to target\classes
2025-07-24 20:18:42,512 [Worker-53: Building] INFO  o.a.m.s.f.DefaultMavenResourcesFiltering - skip non existing resourceDirectory F:\fork\Backend\spring_boot_backend_template\src\test\resources
2025-07-24 20:19:42,964 [Worker-49: Building] INFO  o.a.m.s.f.DefaultMavenResourcesFiltering - Copying 1 resource from src\main\resources to target\classes
2025-07-24 20:19:42,971 [Worker-49: Building] INFO  o.a.m.s.f.DefaultMavenResourcesFiltering - Copying 0 resource from src\main\resources to target\classes
2025-07-24 20:19:42,973 [Worker-49: Building] INFO  o.a.m.s.f.DefaultMavenResourcesFiltering - skip non existing resourceDirectory F:\fork\Backend\spring_boot_backend_template\src\test\resources
2025-07-24 21:48:05,694 [Worker-54: Building] INFO  o.a.m.s.f.DefaultMavenResourcesFiltering - Copying 1 resource from src\main\resources to target\classes
2025-07-24 21:48:05,794 [Worker-54: Building] INFO  o.a.m.s.f.DefaultMavenResourcesFiltering - Copying 0 resource from src\main\resources to target\classes
2025-07-24 21:48:05,796 [Worker-54: Building] INFO  o.a.m.s.f.DefaultMavenResourcesFiltering - skip non existing resourceDirectory F:\fork\Backend\spring_boot_backend_template\src\test\resources
2025-07-24 21:49:51,041 [Worker-49: Building] INFO  o.a.m.s.f.DefaultMavenResourcesFiltering - Copying 1 resource from src\main\resources to target\classes
2025-07-24 21:49:51,175 [Worker-49: Building] INFO  o.a.m.s.f.DefaultMavenResourcesFiltering - Copying 0 resource from src\main\resources to target\classes
2025-07-24 21:49:51,177 [Worker-49: Building] INFO  o.a.m.s.f.DefaultMavenResourcesFiltering - skip non existing resourceDirectory F:\fork\Backend\spring_boot_backend_template\src\test\resources
2025-07-24 21:50:02,895 [Worker-54: Building] INFO  o.a.m.s.f.DefaultMavenResourcesFiltering - Copying 1 resource from src\main\resources to target\classes
2025-07-24 21:50:02,908 [Worker-54: Building] INFO  o.a.m.s.f.DefaultMavenResourcesFiltering - Copying 0 resource from src\main\resources to target\classes
2025-07-24 21:50:02,910 [Worker-54: Building] INFO  o.a.m.s.f.DefaultMavenResourcesFiltering - skip non existing resourceDirectory F:\fork\Backend\spring_boot_backend_template\src\test\resources
2025-07-24 21:51:11,815 [Worker-49: Building] INFO  o.a.m.s.f.DefaultMavenResourcesFiltering - Copying 1 resource from src\main\resources to target\classes
2025-07-24 21:51:11,830 [Worker-49: Building] INFO  o.a.m.s.f.DefaultMavenResourcesFiltering - Copying 0 resource from src\main\resources to target\classes
2025-07-24 21:51:11,834 [Worker-49: Building] INFO  o.a.m.s.f.DefaultMavenResourcesFiltering - skip non existing resourceDirectory F:\fork\Backend\spring_boot_backend_template\src\test\resources
2025-07-24 21:52:05,223 [Worker-50: Building] INFO  o.a.m.s.f.DefaultMavenResourcesFiltering - Copying 1 resource from src\main\resources to target\classes
2025-07-24 21:52:05,232 [Worker-50: Building] INFO  o.a.m.s.f.DefaultMavenResourcesFiltering - Copying 0 resource from src\main\resources to target\classes
2025-07-24 21:52:05,237 [Worker-50: Building] INFO  o.a.m.s.f.DefaultMavenResourcesFiltering - skip non existing resourceDirectory F:\fork\Backend\spring_boot_backend_template\src\test\resources
2025-07-24 21:52:50,942 [Worker-56: Building] INFO  o.a.m.s.f.DefaultMavenResourcesFiltering - Copying 1 resource from src\main\resources to target\classes
2025-07-24 21:52:50,982 [Worker-56: Building] INFO  o.a.m.s.f.DefaultMavenResourcesFiltering - Copying 0 resource from src\main\resources to target\classes
2025-07-24 21:52:50,991 [Worker-56: Building] INFO  o.a.m.s.f.DefaultMavenResourcesFiltering - skip non existing resourceDirectory F:\fork\Backend\spring_boot_backend_template\src\test\resources
2025-07-24 21:53:49,554 [Worker-50: Building] INFO  o.a.m.s.f.DefaultMavenResourcesFiltering - Copying 1 resource from src\main\resources to target\classes
2025-07-24 21:53:49,572 [Worker-50: Building] INFO  o.a.m.s.f.DefaultMavenResourcesFiltering - Copying 0 resource from src\main\resources to target\classes
2025-07-24 21:53:49,576 [Worker-50: Building] INFO  o.a.m.s.f.DefaultMavenResourcesFiltering - skip non existing resourceDirectory F:\fork\Backend\spring_boot_backend_template\src\test\resources
2025-07-24 21:54:25,600 [Worker-57: Building] INFO  o.a.m.s.f.DefaultMavenResourcesFiltering - Copying 1 resource from src\main\resources to target\classes
2025-07-24 21:54:25,608 [Worker-57: Building] INFO  o.a.m.s.f.DefaultMavenResourcesFiltering - Copying 0 resource from src\main\resources to target\classes
2025-07-24 21:54:25,616 [Worker-57: Building] INFO  o.a.m.s.f.DefaultMavenResourcesFiltering - skip non existing resourceDirectory F:\fork\Backend\spring_boot_backend_template\src\test\resources
2025-07-24 21:55:21,539 [Worker-53: Building] INFO  o.a.m.s.f.DefaultMavenResourcesFiltering - Copying 1 resource from src\main\resources to target\classes
2025-07-24 21:55:21,545 [Worker-53: Building] INFO  o.a.m.s.f.DefaultMavenResourcesFiltering - Copying 0 resource from src\main\resources to target\classes
2025-07-24 21:55:21,548 [Worker-53: Building] INFO  o.a.m.s.f.DefaultMavenResourcesFiltering - skip non existing resourceDirectory F:\fork\Backend\spring_boot_backend_template\src\test\resources
2025-07-24 23:39:27,210 [Worker-62: Building] INFO  o.a.m.s.f.DefaultMavenResourcesFiltering - Copying 1 resource from src\main\resources to target\classes
2025-07-24 23:39:27,469 [Worker-62: Building] INFO  o.a.m.s.f.DefaultMavenResourcesFiltering - Copying 0 resource from src\main\resources to target\classes
2025-07-24 23:39:27,483 [Worker-62: Building] INFO  o.a.m.s.f.DefaultMavenResourcesFiltering - skip non existing resourceDirectory F:\fork\Backend\spring_boot_backend_template\src\test\resources
2025-07-24 23:39:55,579 [Worker-72: Building] INFO  o.a.m.s.f.DefaultMavenResourcesFiltering - Copying 1 resource from src\main\resources to target\classes
2025-07-24 23:39:55,671 [Worker-72: Building] INFO  o.a.m.s.f.DefaultMavenResourcesFiltering - Copying 0 resource from src\main\resources to target\classes
2025-07-24 23:39:55,675 [Worker-72: Building] INFO  o.a.m.s.f.DefaultMavenResourcesFiltering - skip non existing resourceDirectory F:\fork\Backend\spring_boot_backend_template\src\test\resources
2025-07-24 23:43:27,958 [Worker-69: Building] INFO  o.a.m.s.f.DefaultMavenResourcesFiltering - Copying 1 resource from src\main\resources to target\classes
2025-07-24 23:43:27,992 [Worker-69: Building] INFO  o.a.m.s.f.DefaultMavenResourcesFiltering - Copying 0 resource from src\main\resources to target\classes
2025-07-24 23:43:27,995 [Worker-69: Building] INFO  o.a.m.s.f.DefaultMavenResourcesFiltering - skip non existing resourceDirectory F:\fork\Backend\spring_boot_backend_template\src\test\resources
2025-07-25 00:04:07,100 [Worker-67: Building] INFO  o.a.m.s.f.DefaultMavenResourcesFiltering - Copying 1 resource from src\main\resources to target\classes
2025-07-25 00:04:07,211 [Worker-67: Building] INFO  o.a.m.s.f.DefaultMavenResourcesFiltering - Copying 0 resource from src\main\resources to target\classes
2025-07-25 00:04:07,216 [Worker-67: Building] INFO  o.a.m.s.f.DefaultMavenResourcesFiltering - skip non existing resourceDirectory F:\fork\Backend\spring_boot_backend_template\src\test\resources
2025-07-25 00:05:01,328 [Worker-78: Building] INFO  o.a.m.s.f.DefaultMavenResourcesFiltering - Copying 1 resource from src\main\resources to target\classes
2025-07-25 00:05:01,368 [Worker-78: Building] INFO  o.a.m.s.f.DefaultMavenResourcesFiltering - Copying 0 resource from src\main\resources to target\classes
2025-07-25 00:05:01,373 [Worker-78: Building] INFO  o.a.m.s.f.DefaultMavenResourcesFiltering - skip non existing resourceDirectory F:\fork\Backend\spring_boot_backend_template\src\test\resources
2025-07-25 00:05:30,972 [Worker-78: Building] INFO  o.a.m.s.f.DefaultMavenResourcesFiltering - Copying 1 resource from src\main\resources to target\classes
2025-07-25 00:05:30,996 [Worker-78: Building] INFO  o.a.m.s.f.DefaultMavenResourcesFiltering - Copying 0 resource from src\main\resources to target\classes
2025-07-25 00:05:31,002 [Worker-78: Building] INFO  o.a.m.s.f.DefaultMavenResourcesFiltering - skip non existing resourceDirectory F:\fork\Backend\spring_boot_backend_template\src\test\resources
2025-07-25 00:06:06,095 [Worker-69: Building] INFO  o.a.m.s.f.DefaultMavenResourcesFiltering - Copying 1 resource from src\main\resources to target\classes
2025-07-25 00:06:06,133 [Worker-69: Building] INFO  o.a.m.s.f.DefaultMavenResourcesFiltering - Copying 0 resource from src\main\resources to target\classes
2025-07-25 00:06:06,142 [Worker-69: Building] INFO  o.a.m.s.f.DefaultMavenResourcesFiltering - skip non existing resourceDirectory F:\fork\Backend\spring_boot_backend_template\src\test\resources
2025-07-25 00:06:30,820 [Worker-70: Building] INFO  o.a.m.s.f.DefaultMavenResourcesFiltering - Copying 1 resource from src\main\resources to target\classes
2025-07-25 00:06:30,854 [Worker-70: Building] INFO  o.a.m.s.f.DefaultMavenResourcesFiltering - Copying 0 resource from src\main\resources to target\classes
2025-07-25 00:06:30,856 [Worker-70: Building] INFO  o.a.m.s.f.DefaultMavenResourcesFiltering - skip non existing resourceDirectory F:\fork\Backend\spring_boot_backend_template\src\test\resources
2025-07-25 00:07:40,693 [Worker-67: Building] INFO  o.a.m.s.f.DefaultMavenResourcesFiltering - Copying 1 resource from src\main\resources to target\classes
2025-07-25 00:07:40,802 [Worker-67: Building] INFO  o.a.m.s.f.DefaultMavenResourcesFiltering - Copying 0 resource from src\main\resources to target\classes
2025-07-25 00:07:40,805 [Worker-67: Building] INFO  o.a.m.s.f.DefaultMavenResourcesFiltering - skip non existing resourceDirectory F:\fork\Backend\spring_boot_backend_template\src\test\resources
2025-07-25 00:08:27,481 [Worker-79: Building] INFO  o.a.m.s.f.DefaultMavenResourcesFiltering - Copying 1 resource from src\main\resources to target\classes
2025-07-25 00:08:27,725 [Worker-79: Building] INFO  o.a.m.s.f.DefaultMavenResourcesFiltering - Copying 0 resource from src\main\resources to target\classes
2025-07-25 00:08:27,730 [Worker-79: Building] INFO  o.a.m.s.f.DefaultMavenResourcesFiltering - skip non existing resourceDirectory F:\fork\Backend\spring_boot_backend_template\src\test\resources
2025-07-25 00:08:41,619 [Worker-81: Building] INFO  o.a.m.s.f.DefaultMavenResourcesFiltering - Copying 1 resource from src\main\resources to target\classes
2025-07-25 00:08:41,632 [Worker-81: Building] INFO  o.a.m.s.f.DefaultMavenResourcesFiltering - Copying 0 resource from src\main\resources to target\classes
2025-07-25 00:08:41,636 [Worker-81: Building] INFO  o.a.m.s.f.DefaultMavenResourcesFiltering - skip non existing resourceDirectory F:\fork\Backend\spring_boot_backend_template\src\test\resources
2025-07-25 00:09:15,602 [Worker-81: Building] INFO  o.a.m.s.f.DefaultMavenResourcesFiltering - Copying 1 resource from src\main\resources to target\classes
2025-07-25 00:09:15,687 [Worker-81: Building] INFO  o.a.m.s.f.DefaultMavenResourcesFiltering - Copying 0 resource from src\main\resources to target\classes
2025-07-25 00:09:15,690 [Worker-81: Building] INFO  o.a.m.s.f.DefaultMavenResourcesFiltering - skip non existing resourceDirectory F:\fork\Backend\spring_boot_backend_template\src\test\resources
2025-07-25 00:09:42,869 [Worker-69: Building] INFO  o.a.m.s.f.DefaultMavenResourcesFiltering - Copying 1 resource from src\main\resources to target\classes
2025-07-25 00:09:42,874 [Worker-69: Building] INFO  o.a.m.s.f.DefaultMavenResourcesFiltering - Copying 0 resource from src\main\resources to target\classes
2025-07-25 00:09:42,875 [Worker-69: Building] INFO  o.a.m.s.f.DefaultMavenResourcesFiltering - skip non existing resourceDirectory F:\fork\Backend\spring_boot_backend_template\src\test\resources
2025-07-25 00:10:28,078 [Worker-79: Building] INFO  o.a.m.s.f.DefaultMavenResourcesFiltering - Copying 1 resource from src\main\resources to target\classes
2025-07-25 00:10:28,149 [Worker-79: Building] INFO  o.a.m.s.f.DefaultMavenResourcesFiltering - Copying 0 resource from src\main\resources to target\classes
2025-07-25 00:10:28,152 [Worker-79: Building] INFO  o.a.m.s.f.DefaultMavenResourcesFiltering - skip non existing resourceDirectory F:\fork\Backend\spring_boot_backend_template\src\test\resources
2025-07-25 00:18:44,353 [Worker-67: Building] INFO  o.a.m.s.f.DefaultMavenResourcesFiltering - Copying 1 resource from src\main\resources to target\classes
2025-07-25 00:18:44,370 [Worker-67: Building] INFO  o.a.m.s.f.DefaultMavenResourcesFiltering - Copying 0 resource from src\main\resources to target\classes
2025-07-25 00:18:44,372 [Worker-67: Building] INFO  o.a.m.s.f.DefaultMavenResourcesFiltering - skip non existing resourceDirectory F:\fork\Backend\spring_boot_backend_template\src\test\resources
2025-07-25 00:19:24,979 [Worker-67: Building] INFO  o.a.m.s.f.DefaultMavenResourcesFiltering - Copying 1 resource from src\main\resources to target\classes
2025-07-25 00:19:24,985 [Worker-67: Building] INFO  o.a.m.s.f.DefaultMavenResourcesFiltering - Copying 0 resource from src\main\resources to target\classes
2025-07-25 00:19:24,987 [Worker-67: Building] INFO  o.a.m.s.f.DefaultMavenResourcesFiltering - skip non existing resourceDirectory F:\fork\Backend\spring_boot_backend_template\src\test\resources
2025-07-25 00:20:03,293 [Worker-85: Building] INFO  o.a.m.s.f.DefaultMavenResourcesFiltering - Copying 1 resource from src\main\resources to target\classes
2025-07-25 00:20:03,352 [Worker-85: Building] INFO  o.a.m.s.f.DefaultMavenResourcesFiltering - Copying 0 resource from src\main\resources to target\classes
2025-07-25 00:20:03,355 [Worker-85: Building] INFO  o.a.m.s.f.DefaultMavenResourcesFiltering - skip non existing resourceDirectory F:\fork\Backend\spring_boot_backend_template\src\test\resources
